2025-04-16 01:41:44,900 - INFO - Deployment starting from /home/aiseed/ai-ecosystem
2025-04-16 01:41:44,901 - INFO - Core Execution Engine launched.
2025-04-16 01:41:44,902 - INFO - Microkernel AI launched.
2025-04-16 01:41:44,903 - INFO - AI Agent Manager launched.
2025-04-16 01:41:44,903 - INFO - Orchestrator launched.
2025-04-16 01:41:44,904 - INFO - Event Bus launched.
2025-04-16 01:41:44,905 - INFO - Dashboard Server launched.
2025-04-16 01:52:26,245 - INFO - Deployment starting from /home/aiseed/ai-ecosystem
2025-04-16 01:52:26,246 - INFO - Core Execution Engine launched.
2025-04-16 01:52:26,246 - INFO - Microkernel AI launched.
2025-04-16 01:52:26,247 - INFO - AI Agent Manager launched.
2025-04-16 01:52:26,248 - INFO - Orchestrator launched.
2025-04-16 01:52:26,248 - INFO - Event Bus launched.
2025-04-16 01:52:26,249 - INFO - Dashboard Server launched.
2025-04-16 01:58:35,823 - INFO - Deployment starting from /home/aiseed/ai-ecosystem
2025-04-16 01:58:35,823 - INFO - Core Execution Engine launched.
2025-04-16 01:58:35,824 - INFO - Microkernel AI launched.
2025-04-16 01:58:35,825 - INFO - AI Agent Manager launched.
2025-04-16 01:58:35,826 - INFO - Orchestrator launched.
2025-04-16 01:58:35,826 - INFO - Event Bus launched.
2025-04-16 01:58:35,827 - INFO - Dashboard Server launched.
