2025-04-16 01:41:44,944 - INFO - Performing recursive refinement...
2025-04-16 01:41:44,945 - INFO - Refinement complete.
2025-04-16 01:41:44,945 - INFO - Microkernel cycle complete.
2025-04-16 01:41:54,945 - INFO - Performing recursive refinement...
2025-04-16 01:41:54,945 - INFO - Refinement complete.
2025-04-16 01:41:54,945 - INFO - Microkernel cycle complete.
2025-04-16 01:42:04,946 - INFO - Performing recursive refinement...
2025-04-16 01:42:04,946 - INFO - Refinement complete.
2025-04-16 01:42:04,946 - INFO - Microkernel cycle complete.
2025-04-16 01:42:14,946 - INFO - Performing recursive refinement...
2025-04-16 01:42:14,946 - INFO - Refinement complete.
2025-04-16 01:42:14,946 - INFO - Microkernel cycle complete.
2025-04-16 01:42:24,947 - INFO - Performing recursive refinement...
2025-04-16 01:42:24,947 - INFO - Refinement complete.
2025-04-16 01:42:24,947 - INFO - Microkernel cycle complete.
2025-04-16 01:42:34,948 - INFO - Performing recursive refinement...
2025-04-16 01:42:34,948 - INFO - Refinement complete.
2025-04-16 01:42:34,948 - INFO - Microkernel cycle complete.
2025-04-16 01:42:44,948 - INFO - Performing recursive refinement...
2025-04-16 01:42:44,949 - INFO - Refinement complete.
2025-04-16 01:42:44,949 - INFO - Microkernel cycle complete.
2025-04-16 01:42:54,949 - INFO - Performing recursive refinement...
2025-04-16 01:42:54,949 - INFO - Refinement complete.
2025-04-16 01:42:54,949 - INFO - Microkernel cycle complete.
2025-04-16 01:43:04,950 - INFO - Performing recursive refinement...
2025-04-16 01:43:04,950 - INFO - Refinement complete.
2025-04-16 01:43:04,950 - INFO - Microkernel cycle complete.
2025-04-16 01:43:14,951 - INFO - Performing recursive refinement...
2025-04-16 01:43:14,951 - INFO - Refinement complete.
2025-04-16 01:43:14,951 - INFO - Microkernel cycle complete.
2025-04-16 01:43:24,951 - INFO - Performing recursive refinement...
2025-04-16 01:43:24,952 - INFO - Refinement complete.
2025-04-16 01:43:24,952 - INFO - Microkernel cycle complete.
2025-04-16 01:43:34,952 - INFO - Performing recursive refinement...
2025-04-16 01:43:34,952 - INFO - Refinement complete.
2025-04-16 01:43:34,953 - INFO - Microkernel cycle complete.
2025-04-16 01:43:44,953 - INFO - Performing recursive refinement...
2025-04-16 01:43:44,953 - INFO - Refinement complete.
2025-04-16 01:43:44,953 - INFO - Microkernel cycle complete.
2025-04-16 01:43:54,954 - INFO - Performing recursive refinement...
2025-04-16 01:43:54,954 - INFO - Refinement complete.
2025-04-16 01:43:54,954 - INFO - Microkernel cycle complete.
2025-04-16 01:44:04,955 - INFO - Performing recursive refinement...
2025-04-16 01:44:04,955 - INFO - Refinement complete.
2025-04-16 01:44:04,955 - INFO - Microkernel cycle complete.
2025-04-16 01:44:14,955 - INFO - Performing recursive refinement...
2025-04-16 01:44:14,955 - INFO - Refinement complete.
2025-04-16 01:44:14,956 - INFO - Microkernel cycle complete.
2025-04-16 01:44:24,956 - INFO - Performing recursive refinement...
2025-04-16 01:44:24,956 - INFO - Refinement complete.
2025-04-16 01:44:24,956 - INFO - Microkernel cycle complete.
2025-04-16 01:44:34,957 - INFO - Performing recursive refinement...
2025-04-16 01:44:34,957 - INFO - Refinement complete.
2025-04-16 01:44:34,957 - INFO - Microkernel cycle complete.
2025-04-16 01:44:44,958 - INFO - Performing recursive refinement...
2025-04-16 01:44:44,958 - INFO - Refinement complete.
2025-04-16 01:44:44,958 - INFO - Microkernel cycle complete.
2025-04-16 01:44:54,958 - INFO - Performing recursive refinement...
2025-04-16 01:44:54,959 - INFO - Refinement complete.
2025-04-16 01:44:54,959 - INFO - Microkernel cycle complete.
2025-04-16 01:45:04,959 - INFO - Performing recursive refinement...
2025-04-16 01:45:04,959 - INFO - Refinement complete.
2025-04-16 01:45:04,959 - INFO - Microkernel cycle complete.
2025-04-16 01:45:14,960 - INFO - Performing recursive refinement...
2025-04-16 01:45:14,960 - INFO - Refinement complete.
2025-04-16 01:45:14,960 - INFO - Microkernel cycle complete.
2025-04-16 01:45:24,961 - INFO - Performing recursive refinement...
2025-04-16 01:45:24,961 - INFO - Refinement complete.
2025-04-16 01:45:24,961 - INFO - Microkernel cycle complete.
2025-04-16 01:45:34,961 - INFO - Performing recursive refinement...
2025-04-16 01:45:34,962 - INFO - Refinement complete.
2025-04-16 01:45:34,962 - INFO - Microkernel cycle complete.
2025-04-16 01:45:44,962 - INFO - Performing recursive refinement...
2025-04-16 01:45:44,962 - INFO - Refinement complete.
2025-04-16 01:45:44,963 - INFO - Microkernel cycle complete.
2025-04-16 01:45:54,963 - INFO - Performing recursive refinement...
2025-04-16 01:45:54,963 - INFO - Refinement complete.
2025-04-16 01:45:54,963 - INFO - Microkernel cycle complete.
2025-04-16 01:46:04,964 - INFO - Performing recursive refinement...
2025-04-16 01:46:04,964 - INFO - Refinement complete.
2025-04-16 01:46:04,964 - INFO - Microkernel cycle complete.
2025-04-16 01:46:14,964 - INFO - Performing recursive refinement...
2025-04-16 01:46:14,964 - INFO - Refinement complete.
2025-04-16 01:46:14,964 - INFO - Microkernel cycle complete.
2025-04-16 01:46:24,965 - INFO - Performing recursive refinement...
2025-04-16 01:46:24,965 - INFO - Refinement complete.
2025-04-16 01:46:24,965 - INFO - Microkernel cycle complete.
2025-04-16 01:46:34,966 - INFO - Performing recursive refinement...
2025-04-16 01:46:34,966 - INFO - Refinement complete.
2025-04-16 01:46:34,966 - INFO - Microkernel cycle complete.
2025-04-16 01:46:44,967 - INFO - Performing recursive refinement...
2025-04-16 01:46:44,967 - INFO - Refinement complete.
2025-04-16 01:46:44,967 - INFO - Microkernel cycle complete.
2025-04-16 01:46:54,967 - INFO - Performing recursive refinement...
2025-04-16 01:46:54,968 - INFO - Refinement complete.
2025-04-16 01:46:54,968 - INFO - Microkernel cycle complete.
2025-04-16 01:47:04,968 - INFO - Performing recursive refinement...
2025-04-16 01:47:04,968 - INFO - Refinement complete.
2025-04-16 01:47:04,968 - INFO - Microkernel cycle complete.
2025-04-16 01:47:14,969 - INFO - Performing recursive refinement...
2025-04-16 01:47:14,969 - INFO - Refinement complete.
2025-04-16 01:47:14,969 - INFO - Microkernel cycle complete.
2025-04-16 01:47:24,970 - INFO - Performing recursive refinement...
2025-04-16 01:47:24,970 - INFO - Refinement complete.
2025-04-16 01:47:24,970 - INFO - Microkernel cycle complete.
2025-04-16 01:47:34,970 - INFO - Performing recursive refinement...
2025-04-16 01:47:34,971 - INFO - Refinement complete.
2025-04-16 01:47:34,971 - INFO - Microkernel cycle complete.
2025-04-16 01:47:44,971 - INFO - Performing recursive refinement...
2025-04-16 01:47:44,971 - INFO - Refinement complete.
2025-04-16 01:47:44,971 - INFO - Microkernel cycle complete.
2025-04-16 01:47:54,972 - INFO - Performing recursive refinement...
2025-04-16 01:47:54,972 - INFO - Refinement complete.
2025-04-16 01:47:54,972 - INFO - Microkernel cycle complete.
2025-04-16 01:48:04,973 - INFO - Performing recursive refinement...
2025-04-16 01:48:04,973 - INFO - Refinement complete.
2025-04-16 01:48:04,973 - INFO - Microkernel cycle complete.
2025-04-16 01:48:14,973 - INFO - Performing recursive refinement...
2025-04-16 01:48:14,973 - INFO - Refinement complete.
2025-04-16 01:48:14,974 - INFO - Microkernel cycle complete.
2025-04-16 01:48:24,974 - INFO - Performing recursive refinement...
2025-04-16 01:48:24,974 - INFO - Refinement complete.
2025-04-16 01:48:24,974 - INFO - Microkernel cycle complete.
2025-04-16 01:48:34,975 - INFO - Performing recursive refinement...
2025-04-16 01:48:34,975 - INFO - Refinement complete.
2025-04-16 01:48:34,975 - INFO - Microkernel cycle complete.
2025-04-16 01:48:44,976 - INFO - Performing recursive refinement...
2025-04-16 01:48:44,976 - INFO - Refinement complete.
2025-04-16 01:48:44,976 - INFO - Microkernel cycle complete.
2025-04-16 01:48:54,976 - INFO - Performing recursive refinement...
2025-04-16 01:48:54,977 - INFO - Refinement complete.
2025-04-16 01:48:54,977 - INFO - Microkernel cycle complete.
2025-04-16 01:49:04,977 - INFO - Performing recursive refinement...
2025-04-16 01:49:04,977 - INFO - Refinement complete.
2025-04-16 01:49:04,977 - INFO - Microkernel cycle complete.
2025-04-16 01:49:14,978 - INFO - Performing recursive refinement...
2025-04-16 01:49:14,978 - INFO - Refinement complete.
2025-04-16 01:49:14,978 - INFO - Microkernel cycle complete.
2025-04-16 01:49:24,979 - INFO - Performing recursive refinement...
2025-04-16 01:49:24,979 - INFO - Refinement complete.
2025-04-16 01:49:24,979 - INFO - Microkernel cycle complete.
2025-04-16 01:49:34,979 - INFO - Performing recursive refinement...
2025-04-16 01:49:34,980 - INFO - Refinement complete.
2025-04-16 01:49:34,980 - INFO - Microkernel cycle complete.
2025-04-16 01:49:44,980 - INFO - Performing recursive refinement...
2025-04-16 01:49:44,981 - INFO - Refinement complete.
2025-04-16 01:49:44,981 - INFO - Microkernel cycle complete.
2025-04-16 01:49:54,981 - INFO - Performing recursive refinement...
2025-04-16 01:49:54,981 - INFO - Refinement complete.
2025-04-16 01:49:54,981 - INFO - Microkernel cycle complete.
2025-04-16 01:50:04,982 - INFO - Performing recursive refinement...
2025-04-16 01:50:04,982 - INFO - Refinement complete.
2025-04-16 01:50:04,982 - INFO - Microkernel cycle complete.
2025-04-16 01:50:14,983 - INFO - Performing recursive refinement...
2025-04-16 01:50:14,983 - INFO - Refinement complete.
2025-04-16 01:50:14,983 - INFO - Microkernel cycle complete.
2025-04-16 01:50:24,983 - INFO - Performing recursive refinement...
2025-04-16 01:50:24,984 - INFO - Refinement complete.
2025-04-16 01:50:24,984 - INFO - Microkernel cycle complete.
2025-04-16 01:50:34,984 - INFO - Performing recursive refinement...
2025-04-16 01:50:34,985 - INFO - Refinement complete.
2025-04-16 01:50:34,985 - INFO - Microkernel cycle complete.
2025-04-16 01:50:44,985 - INFO - Performing recursive refinement...
2025-04-16 01:50:44,985 - INFO - Refinement complete.
2025-04-16 01:50:44,985 - INFO - Microkernel cycle complete.
2025-04-16 01:50:54,986 - INFO - Performing recursive refinement...
2025-04-16 01:50:54,986 - INFO - Refinement complete.
2025-04-16 01:50:54,986 - INFO - Microkernel cycle complete.
2025-04-16 01:51:04,987 - INFO - Performing recursive refinement...
2025-04-16 01:51:04,987 - INFO - Refinement complete.
2025-04-16 01:51:04,987 - INFO - Microkernel cycle complete.
2025-04-16 01:51:14,987 - INFO - Performing recursive refinement...
2025-04-16 01:51:14,987 - INFO - Refinement complete.
2025-04-16 01:51:14,988 - INFO - Microkernel cycle complete.
2025-04-16 01:51:24,988 - INFO - Performing recursive refinement...
2025-04-16 01:51:24,988 - INFO - Refinement complete.
2025-04-16 01:51:24,988 - INFO - Microkernel cycle complete.
2025-04-16 01:51:34,989 - INFO - Performing recursive refinement...
2025-04-16 01:51:34,989 - INFO - Refinement complete.
2025-04-16 01:51:34,989 - INFO - Microkernel cycle complete.
2025-04-16 01:51:44,990 - INFO - Performing recursive refinement...
2025-04-16 01:51:44,990 - INFO - Refinement complete.
2025-04-16 01:51:44,990 - INFO - Microkernel cycle complete.
2025-04-16 01:51:54,990 - INFO - Performing recursive refinement...
2025-04-16 01:51:54,991 - INFO - Refinement complete.
2025-04-16 01:51:54,991 - INFO - Microkernel cycle complete.
2025-04-16 01:52:04,991 - INFO - Performing recursive refinement...
2025-04-16 01:52:04,991 - INFO - Refinement complete.
2025-04-16 01:52:04,991 - INFO - Microkernel cycle complete.
2025-04-16 01:52:14,992 - INFO - Performing recursive refinement...
2025-04-16 01:52:14,992 - INFO - Refinement complete.
2025-04-16 01:52:14,992 - INFO - Microkernel cycle complete.
2025-04-16 01:52:24,992 - INFO - Performing recursive refinement...
2025-04-16 01:52:24,993 - INFO - Refinement complete.
2025-04-16 01:52:24,993 - INFO - Microkernel cycle complete.
2025-04-16 01:52:26,290 - INFO - Performing recursive refinement...
2025-04-16 01:52:26,290 - INFO - Refinement complete.
2025-04-16 01:52:26,290 - INFO - Microkernel cycle completed.
2025-04-16 01:52:34,993 - INFO - Performing recursive refinement...
2025-04-16 01:52:34,994 - INFO - Refinement complete.
2025-04-16 01:52:34,994 - INFO - Microkernel cycle complete.
2025-04-16 01:52:36,291 - INFO - Performing recursive refinement...
2025-04-16 01:52:36,291 - INFO - Refinement complete.
2025-04-16 01:52:36,291 - INFO - Microkernel cycle completed.
2025-04-16 01:52:44,994 - INFO - Performing recursive refinement...
2025-04-16 01:52:44,994 - INFO - Refinement complete.
2025-04-16 01:52:44,994 - INFO - Microkernel cycle complete.
2025-04-16 01:52:46,291 - INFO - Performing recursive refinement...
2025-04-16 01:52:46,292 - INFO - Refinement complete.
2025-04-16 01:52:46,292 - INFO - Microkernel cycle completed.
2025-04-16 01:52:54,995 - INFO - Performing recursive refinement...
2025-04-16 01:52:54,995 - INFO - Refinement complete.
2025-04-16 01:52:54,995 - INFO - Microkernel cycle complete.
2025-04-16 01:52:56,292 - INFO - Performing recursive refinement...
2025-04-16 01:52:56,292 - INFO - Refinement complete.
2025-04-16 01:52:56,292 - INFO - Microkernel cycle completed.
2025-04-16 01:53:04,996 - INFO - Performing recursive refinement...
2025-04-16 01:53:04,996 - INFO - Refinement complete.
2025-04-16 01:53:04,996 - INFO - Microkernel cycle complete.
2025-04-16 01:53:06,293 - INFO - Performing recursive refinement...
2025-04-16 01:53:06,293 - INFO - Refinement complete.
2025-04-16 01:53:06,293 - INFO - Microkernel cycle completed.
2025-04-16 01:53:14,996 - INFO - Performing recursive refinement...
2025-04-16 01:53:14,996 - INFO - Refinement complete.
2025-04-16 01:53:14,996 - INFO - Microkernel cycle complete.
2025-04-16 01:53:16,293 - INFO - Performing recursive refinement...
2025-04-16 01:53:16,294 - INFO - Refinement complete.
2025-04-16 01:53:16,294 - INFO - Microkernel cycle completed.
2025-04-16 01:53:24,997 - INFO - Performing recursive refinement...
2025-04-16 01:53:24,997 - INFO - Refinement complete.
2025-04-16 01:53:24,997 - INFO - Microkernel cycle complete.
2025-04-16 01:53:26,294 - INFO - Performing recursive refinement...
2025-04-16 01:53:26,294 - INFO - Refinement complete.
2025-04-16 01:53:26,294 - INFO - Microkernel cycle completed.
2025-04-16 01:53:34,998 - INFO - Performing recursive refinement...
2025-04-16 01:53:34,998 - INFO - Refinement complete.
2025-04-16 01:53:34,998 - INFO - Microkernel cycle complete.
2025-04-16 01:53:36,295 - INFO - Performing recursive refinement...
2025-04-16 01:53:36,295 - INFO - Refinement complete.
2025-04-16 01:53:36,295 - INFO - Microkernel cycle completed.
2025-04-16 01:53:44,999 - INFO - Performing recursive refinement...
2025-04-16 01:53:44,999 - INFO - Refinement complete.
2025-04-16 01:53:44,999 - INFO - Microkernel cycle complete.
2025-04-16 01:53:46,296 - INFO - Performing recursive refinement...
2025-04-16 01:53:46,296 - INFO - Refinement complete.
2025-04-16 01:53:46,296 - INFO - Microkernel cycle completed.
2025-04-16 01:53:54,999 - INFO - Performing recursive refinement...
2025-04-16 01:53:54,999 - INFO - Refinement complete.
2025-04-16 01:53:55,000 - INFO - Microkernel cycle complete.
2025-04-16 01:53:56,296 - INFO - Performing recursive refinement...
2025-04-16 01:53:56,296 - INFO - Refinement complete.
2025-04-16 01:53:56,296 - INFO - Microkernel cycle completed.
2025-04-16 01:54:05,000 - INFO - Performing recursive refinement...
2025-04-16 01:54:05,000 - INFO - Refinement complete.
2025-04-16 01:54:05,000 - INFO - Microkernel cycle complete.
2025-04-16 01:54:06,297 - INFO - Performing recursive refinement...
2025-04-16 01:54:06,297 - INFO - Refinement complete.
2025-04-16 01:54:06,297 - INFO - Microkernel cycle completed.
2025-04-16 01:54:15,001 - INFO - Performing recursive refinement...
2025-04-16 01:54:15,001 - INFO - Refinement complete.
2025-04-16 01:54:15,001 - INFO - Microkernel cycle complete.
2025-04-16 01:54:16,298 - INFO - Performing recursive refinement...
2025-04-16 01:54:16,298 - INFO - Refinement complete.
2025-04-16 01:54:16,298 - INFO - Microkernel cycle completed.
2025-04-16 01:54:25,001 - INFO - Performing recursive refinement...
2025-04-16 01:54:25,002 - INFO - Refinement complete.
2025-04-16 01:54:25,002 - INFO - Microkernel cycle complete.
2025-04-16 01:54:26,298 - INFO - Performing recursive refinement...
2025-04-16 01:54:26,299 - INFO - Refinement complete.
2025-04-16 01:54:26,299 - INFO - Microkernel cycle completed.
2025-04-16 01:54:35,002 - INFO - Performing recursive refinement...
2025-04-16 01:54:35,002 - INFO - Refinement complete.
2025-04-16 01:54:35,003 - INFO - Microkernel cycle complete.
2025-04-16 01:54:36,299 - INFO - Performing recursive refinement...
2025-04-16 01:54:36,299 - INFO - Refinement complete.
2025-04-16 01:54:36,300 - INFO - Microkernel cycle completed.
2025-04-16 01:54:45,003 - INFO - Performing recursive refinement...
2025-04-16 01:54:45,003 - INFO - Refinement complete.
2025-04-16 01:54:45,003 - INFO - Microkernel cycle complete.
2025-04-16 01:54:46,300 - INFO - Performing recursive refinement...
2025-04-16 01:54:46,300 - INFO - Refinement complete.
2025-04-16 01:54:46,300 - INFO - Microkernel cycle completed.
2025-04-16 01:54:55,004 - INFO - Performing recursive refinement...
2025-04-16 01:54:55,004 - INFO - Refinement complete.
2025-04-16 01:54:55,004 - INFO - Microkernel cycle complete.
2025-04-16 01:54:56,301 - INFO - Performing recursive refinement...
2025-04-16 01:54:56,301 - INFO - Refinement complete.
2025-04-16 01:54:56,301 - INFO - Microkernel cycle completed.
2025-04-16 01:55:05,005 - INFO - Performing recursive refinement...
2025-04-16 01:55:05,005 - INFO - Refinement complete.
2025-04-16 01:55:05,005 - INFO - Microkernel cycle complete.
2025-04-16 01:55:06,302 - INFO - Performing recursive refinement...
2025-04-16 01:55:06,302 - INFO - Refinement complete.
2025-04-16 01:55:06,302 - INFO - Microkernel cycle completed.
2025-04-16 01:55:15,006 - INFO - Performing recursive refinement...
2025-04-16 01:55:15,006 - INFO - Refinement complete.
2025-04-16 01:55:15,006 - INFO - Microkernel cycle complete.
2025-04-16 01:55:16,302 - INFO - Performing recursive refinement...
2025-04-16 01:55:16,303 - INFO - Refinement complete.
2025-04-16 01:55:16,303 - INFO - Microkernel cycle completed.
2025-04-16 01:55:25,006 - INFO - Performing recursive refinement...
2025-04-16 01:55:25,006 - INFO - Refinement complete.
2025-04-16 01:55:25,006 - INFO - Microkernel cycle complete.
2025-04-16 01:55:26,303 - INFO - Performing recursive refinement...
2025-04-16 01:55:26,303 - INFO - Refinement complete.
2025-04-16 01:55:26,303 - INFO - Microkernel cycle completed.
2025-04-16 01:55:35,007 - INFO - Performing recursive refinement...
2025-04-16 01:55:35,007 - INFO - Refinement complete.
2025-04-16 01:55:35,007 - INFO - Microkernel cycle complete.
2025-04-16 01:55:36,304 - INFO - Performing recursive refinement...
2025-04-16 01:55:36,304 - INFO - Refinement complete.
2025-04-16 01:55:36,304 - INFO - Microkernel cycle completed.
2025-04-16 01:55:45,008 - INFO - Performing recursive refinement...
2025-04-16 01:55:45,008 - INFO - Refinement complete.
2025-04-16 01:55:45,008 - INFO - Microkernel cycle complete.
2025-04-16 01:55:46,305 - INFO - Performing recursive refinement...
2025-04-16 01:55:46,305 - INFO - Refinement complete.
2025-04-16 01:55:46,305 - INFO - Microkernel cycle completed.
2025-04-16 01:55:55,009 - INFO - Performing recursive refinement...
2025-04-16 01:55:55,009 - INFO - Refinement complete.
2025-04-16 01:55:55,009 - INFO - Microkernel cycle complete.
2025-04-16 01:55:56,306 - INFO - Performing recursive refinement...
2025-04-16 01:55:56,306 - INFO - Refinement complete.
2025-04-16 01:55:56,306 - INFO - Microkernel cycle completed.
2025-04-16 01:56:05,009 - INFO - Performing recursive refinement...
2025-04-16 01:56:05,010 - INFO - Refinement complete.
2025-04-16 01:56:05,010 - INFO - Microkernel cycle complete.
2025-04-16 01:56:06,306 - INFO - Performing recursive refinement...
2025-04-16 01:56:06,306 - INFO - Refinement complete.
2025-04-16 01:56:06,307 - INFO - Microkernel cycle completed.
2025-04-16 01:56:15,010 - INFO - Performing recursive refinement...
2025-04-16 01:56:15,010 - INFO - Refinement complete.
2025-04-16 01:56:15,010 - INFO - Microkernel cycle complete.
2025-04-16 01:56:16,307 - INFO - Performing recursive refinement...
2025-04-16 01:56:16,307 - INFO - Refinement complete.
2025-04-16 01:56:16,307 - INFO - Microkernel cycle completed.
2025-04-16 01:56:25,011 - INFO - Performing recursive refinement...
2025-04-16 01:56:25,011 - INFO - Refinement complete.
2025-04-16 01:56:25,011 - INFO - Microkernel cycle complete.
2025-04-16 01:56:26,308 - INFO - Performing recursive refinement...
2025-04-16 01:56:26,308 - INFO - Refinement complete.
2025-04-16 01:56:26,308 - INFO - Microkernel cycle completed.
2025-04-16 01:56:36,309 - INFO - Performing recursive refinement...
2025-04-16 01:56:36,309 - INFO - Refinement complete.
2025-04-16 01:56:36,309 - INFO - Microkernel cycle completed.
2025-04-16 01:56:46,309 - INFO - Performing recursive refinement...
2025-04-16 01:56:46,310 - INFO - Refinement complete.
2025-04-16 01:56:46,310 - INFO - Microkernel cycle completed.
2025-04-16 01:56:56,310 - INFO - Performing recursive refinement...
2025-04-16 01:56:56,310 - INFO - Refinement complete.
2025-04-16 01:56:56,310 - INFO - Microkernel cycle completed.
2025-04-16 01:57:06,311 - INFO - Performing recursive refinement...
2025-04-16 01:57:06,311 - INFO - Refinement complete.
2025-04-16 01:57:06,311 - INFO - Microkernel cycle completed.
2025-04-16 01:57:16,312 - INFO - Performing recursive refinement...
2025-04-16 01:57:16,312 - INFO - Refinement complete.
2025-04-16 01:57:16,312 - INFO - Microkernel cycle completed.
2025-04-16 01:57:26,312 - INFO - Performing recursive refinement...
2025-04-16 01:57:26,313 - INFO - Refinement complete.
2025-04-16 01:57:26,313 - INFO - Microkernel cycle completed.
2025-04-16 01:57:36,313 - INFO - Performing recursive refinement...
2025-04-16 01:57:36,314 - INFO - Refinement complete.
2025-04-16 01:57:36,314 - INFO - Microkernel cycle completed.
2025-04-16 01:57:46,314 - INFO - Performing recursive refinement...
2025-04-16 01:57:46,314 - INFO - Refinement complete.
2025-04-16 01:57:46,315 - INFO - Microkernel cycle completed.
2025-04-16 01:57:56,315 - INFO - Performing recursive refinement...
2025-04-16 01:57:56,315 - INFO - Refinement complete.
2025-04-16 01:57:56,315 - INFO - Microkernel cycle completed.
2025-04-16 01:58:06,316 - INFO - Performing recursive refinement...
2025-04-16 01:58:06,316 - INFO - Refinement complete.
2025-04-16 01:58:06,316 - INFO - Microkernel cycle completed.
2025-04-16 01:58:16,317 - INFO - Performing recursive refinement...
2025-04-16 01:58:16,317 - INFO - Refinement complete.
2025-04-16 01:58:16,317 - INFO - Microkernel cycle completed.
2025-04-16 01:58:26,318 - INFO - Performing recursive refinement...
2025-04-16 01:58:26,318 - INFO - Refinement complete.
2025-04-16 01:58:26,318 - INFO - Microkernel cycle completed.
2025-04-16 01:58:35,867 - INFO - Performing recursive refinement...
2025-04-16 01:58:35,867 - INFO - Refinement complete.
2025-04-16 01:58:35,867 - INFO - Microkernel cycle complete.
2025-04-16 01:58:36,319 - INFO - Performing recursive refinement...
2025-04-16 01:58:36,319 - INFO - Refinement complete.
2025-04-16 01:58:36,319 - INFO - Microkernel cycle completed.
2025-04-16 01:58:45,868 - INFO - Performing recursive refinement...
2025-04-16 01:58:45,868 - INFO - Refinement complete.
2025-04-16 01:58:45,868 - INFO - Microkernel cycle complete.
2025-04-16 01:58:46,319 - INFO - Performing recursive refinement...
2025-04-16 01:58:46,320 - INFO - Refinement complete.
2025-04-16 01:58:46,320 - INFO - Microkernel cycle completed.
2025-04-16 01:58:55,869 - INFO - Performing recursive refinement...
2025-04-16 01:58:55,869 - INFO - Refinement complete.
2025-04-16 01:58:55,869 - INFO - Microkernel cycle complete.
2025-04-16 01:58:56,320 - INFO - Performing recursive refinement...
2025-04-16 01:58:56,320 - INFO - Refinement complete.
2025-04-16 01:58:56,320 - INFO - Microkernel cycle completed.
2025-04-16 01:59:05,870 - INFO - Performing recursive refinement...
2025-04-16 01:59:05,870 - INFO - Refinement complete.
2025-04-16 01:59:05,870 - INFO - Microkernel cycle complete.
2025-04-16 01:59:06,321 - INFO - Performing recursive refinement...
2025-04-16 01:59:06,321 - INFO - Refinement complete.
2025-04-16 01:59:06,321 - INFO - Microkernel cycle completed.
2025-04-16 01:59:15,870 - INFO - Performing recursive refinement...
2025-04-16 01:59:15,871 - INFO - Refinement complete.
2025-04-16 01:59:15,871 - INFO - Microkernel cycle complete.
2025-04-16 01:59:16,322 - INFO - Performing recursive refinement...
2025-04-16 01:59:16,322 - INFO - Refinement complete.
2025-04-16 01:59:16,322 - INFO - Microkernel cycle completed.
2025-04-16 01:59:25,872 - INFO - Performing recursive refinement...
2025-04-16 01:59:25,872 - INFO - Refinement complete.
2025-04-16 01:59:25,872 - INFO - Microkernel cycle complete.
2025-04-16 01:59:26,322 - INFO - Performing recursive refinement...
2025-04-16 01:59:26,323 - INFO - Refinement complete.
2025-04-16 01:59:26,323 - INFO - Microkernel cycle completed.
2025-04-16 01:59:35,873 - INFO - Performing recursive refinement...
2025-04-16 01:59:35,873 - INFO - Refinement complete.
2025-04-16 01:59:35,873 - INFO - Microkernel cycle complete.
2025-04-16 01:59:36,323 - INFO - Performing recursive refinement...
2025-04-16 01:59:36,323 - INFO - Refinement complete.
2025-04-16 01:59:36,323 - INFO - Microkernel cycle completed.
2025-04-16 01:59:46,324 - INFO - Performing recursive refinement...
2025-04-16 01:59:46,324 - INFO - Refinement complete.
2025-04-16 01:59:46,324 - INFO - Microkernel cycle completed.
2025-04-16 01:59:56,325 - INFO - Performing recursive refinement...
2025-04-16 01:59:56,325 - INFO - Refinement complete.
2025-04-16 01:59:56,325 - INFO - Microkernel cycle completed.
2025-04-16 02:00:06,325 - INFO - Performing recursive refinement...
2025-04-16 02:00:06,326 - INFO - Refinement complete.
2025-04-16 02:00:06,326 - INFO - Microkernel cycle completed.
2025-04-16 02:00:16,326 - INFO - Performing recursive refinement...
2025-04-16 02:00:16,326 - INFO - Refinement complete.
2025-04-16 02:00:16,327 - INFO - Microkernel cycle completed.
2025-04-16 02:00:26,327 - INFO - Performing recursive refinement...
2025-04-16 02:00:26,327 - INFO - Refinement complete.
2025-04-16 02:00:26,327 - INFO - Microkernel cycle completed.
2025-04-16 02:00:36,328 - INFO - Performing recursive refinement...
2025-04-16 02:00:36,328 - INFO - Refinement complete.
2025-04-16 02:00:36,328 - INFO - Microkernel cycle completed.
2025-04-16 02:00:46,329 - INFO - Performing recursive refinement...
2025-04-16 02:00:46,329 - INFO - Refinement complete.
2025-04-16 02:00:46,329 - INFO - Microkernel cycle completed.
2025-04-16 02:00:56,330 - INFO - Performing recursive refinement...
2025-04-16 02:00:56,330 - INFO - Refinement complete.
2025-04-16 02:00:56,330 - INFO - Microkernel cycle completed.
2025-04-16 02:01:06,330 - INFO - Performing recursive refinement...
2025-04-16 02:01:06,330 - INFO - Refinement complete.
2025-04-16 02:01:06,331 - INFO - Microkernel cycle completed.
2025-04-16 02:01:16,331 - INFO - Performing recursive refinement...
2025-04-16 02:01:16,331 - INFO - Refinement complete.
2025-04-16 02:01:16,331 - INFO - Microkernel cycle completed.
2025-04-16 02:01:26,332 - INFO - Performing recursive refinement...
2025-04-16 02:01:26,332 - INFO - Refinement complete.
2025-04-16 02:01:26,332 - INFO - Microkernel cycle completed.
2025-04-16 02:01:36,333 - INFO - Performing recursive refinement...
2025-04-16 02:01:36,333 - INFO - Refinement complete.
2025-04-16 02:01:36,333 - INFO - Microkernel cycle completed.
2025-04-16 02:01:46,333 - INFO - Performing recursive refinement...
2025-04-16 02:01:46,334 - INFO - Refinement complete.
2025-04-16 02:01:46,334 - INFO - Microkernel cycle completed.
2025-04-16 02:01:56,334 - INFO - Performing recursive refinement...
2025-04-16 02:01:56,334 - INFO - Refinement complete.
2025-04-16 02:01:56,334 - INFO - Microkernel cycle completed.
2025-04-16 02:02:06,335 - INFO - Performing recursive refinement...
2025-04-16 02:02:06,335 - INFO - Refinement complete.
2025-04-16 02:02:06,335 - INFO - Microkernel cycle completed.
2025-04-16 02:02:16,336 - INFO - Performing recursive refinement...
2025-04-16 02:02:16,336 - INFO - Refinement complete.
2025-04-16 02:02:16,336 - INFO - Microkernel cycle completed.
2025-04-16 02:02:26,336 - INFO - Performing recursive refinement...
2025-04-16 02:02:26,336 - INFO - Refinement complete.
2025-04-16 02:02:26,337 - INFO - Microkernel cycle completed.
2025-04-16 03:21:39,363 - INFO - Refining system strategies...
2025-04-16 03:21:39,363 - INFO - Refinement complete.
2025-04-16 03:21:39,363 - INFO - Microkernel cycle complete.
2025-04-16 03:21:49,363 - INFO - Refining system strategies...
2025-04-16 03:21:49,363 - INFO - Refinement complete.
2025-04-16 03:21:49,363 - INFO - Microkernel cycle complete.
2025-04-16 03:21:59,364 - INFO - Refining system strategies...
2025-04-16 03:21:59,364 - INFO - Refinement complete.
2025-04-16 03:21:59,364 - INFO - Microkernel cycle complete.
2025-04-16 03:22:09,364 - INFO - Refining system strategies...
2025-04-16 03:22:09,365 - INFO - Refinement complete.
2025-04-16 03:22:09,365 - INFO - Microkernel cycle complete.
2025-04-16 03:22:19,365 - INFO - Refining system strategies...
2025-04-16 03:22:19,365 - INFO - Refinement complete.
2025-04-16 03:22:19,365 - INFO - Microkernel cycle complete.
2025-04-16 03:22:29,366 - INFO - Refining system strategies...
2025-04-16 03:22:29,366 - INFO - Refinement complete.
2025-04-16 03:22:29,366 - INFO - Microkernel cycle complete.
2025-04-16 03:22:39,367 - INFO - Refining system strategies...
2025-04-16 03:22:39,367 - INFO - Refinement complete.
2025-04-16 03:22:39,367 - INFO - Microkernel cycle complete.
2025-04-16 03:22:49,367 - INFO - Refining system strategies...
2025-04-16 03:22:49,367 - INFO - Refinement complete.
2025-04-16 03:22:49,368 - INFO - Microkernel cycle complete.
2025-04-16 03:22:59,368 - INFO - Refining system strategies...
2025-04-16 03:22:59,368 - INFO - Refinement complete.
2025-04-16 03:22:59,368 - INFO - Microkernel cycle complete.
2025-04-16 03:23:09,369 - INFO - Refining system strategies...
2025-04-16 03:23:09,369 - INFO - Refinement complete.
2025-04-16 03:23:09,369 - INFO - Microkernel cycle complete.
2025-04-16 03:23:19,370 - INFO - Refining system strategies...
2025-04-16 03:23:19,370 - INFO - Refinement complete.
2025-04-16 03:23:19,370 - INFO - Microkernel cycle complete.
2025-04-16 03:23:29,371 - INFO - Refining system strategies...
2025-04-16 03:23:29,371 - INFO - Refinement complete.
2025-04-16 03:23:29,371 - INFO - Microkernel cycle complete.
2025-04-16 03:23:39,371 - INFO - Refining system strategies...
2025-04-16 03:23:39,371 - INFO - Refinement complete.
2025-04-16 03:23:39,372 - INFO - Microkernel cycle complete.
2025-04-16 03:23:49,372 - INFO - Refining system strategies...
2025-04-16 03:23:49,372 - INFO - Refinement complete.
2025-04-16 03:23:49,372 - INFO - Microkernel cycle complete.
2025-04-16 03:23:59,373 - INFO - Refining system strategies...
2025-04-16 03:23:59,373 - INFO - Refinement complete.
2025-04-16 03:23:59,373 - INFO - Microkernel cycle complete.
2025-04-16 03:24:09,374 - INFO - Refining system strategies...
2025-04-16 03:24:09,374 - INFO - Refinement complete.
2025-04-16 03:24:09,374 - INFO - Microkernel cycle complete.
2025-04-16 03:24:19,374 - INFO - Refining system strategies...
2025-04-16 03:24:19,375 - INFO - Refinement complete.
2025-04-16 03:24:19,375 - INFO - Microkernel cycle complete.
2025-04-16 03:24:29,375 - INFO - Refining system strategies...
2025-04-16 03:24:29,375 - INFO - Refinement complete.
2025-04-16 03:24:29,375 - INFO - Microkernel cycle complete.
2025-04-16 03:24:39,376 - INFO - Refining system strategies...
2025-04-16 03:24:39,376 - INFO - Refinement complete.
2025-04-16 03:24:39,376 - INFO - Microkernel cycle complete.
2025-04-16 03:24:49,377 - INFO - Refining system strategies...
2025-04-16 03:24:49,377 - INFO - Refinement complete.
2025-04-16 03:24:49,377 - INFO - Microkernel cycle complete.
2025-04-16 03:24:59,378 - INFO - Refining system strategies...
2025-04-16 03:24:59,378 - INFO - Refinement complete.
2025-04-16 03:24:59,378 - INFO - Microkernel cycle complete.
2025-04-16 03:25:09,378 - INFO - Refining system strategies...
2025-04-16 03:25:09,379 - INFO - Refinement complete.
2025-04-16 03:25:09,379 - INFO - Microkernel cycle complete.
2025-04-16 03:25:19,379 - INFO - Refining system strategies...
2025-04-16 03:25:19,379 - INFO - Refinement complete.
2025-04-16 03:25:19,380 - INFO - Microkernel cycle complete.
2025-04-16 03:25:29,380 - INFO - Refining system strategies...
2025-04-16 03:25:29,380 - INFO - Refinement complete.
2025-04-16 03:25:29,380 - INFO - Microkernel cycle complete.
2025-04-16 03:25:39,381 - INFO - Refining system strategies...
2025-04-16 03:25:39,381 - INFO - Refinement complete.
2025-04-16 03:25:39,381 - INFO - Microkernel cycle complete.
2025-04-16 03:25:49,381 - INFO - Refining system strategies...
2025-04-16 03:25:49,382 - INFO - Refinement complete.
2025-04-16 03:25:49,382 - INFO - Microkernel cycle complete.
2025-04-16 03:25:59,382 - INFO - Refining system strategies...
2025-04-16 03:25:59,382 - INFO - Refinement complete.
2025-04-16 03:25:59,383 - INFO - Microkernel cycle complete.
2025-04-16 03:26:09,383 - INFO - Refining system strategies...
2025-04-16 03:26:09,383 - INFO - Refinement complete.
2025-04-16 03:26:09,383 - INFO - Microkernel cycle complete.
2025-04-16 03:26:19,384 - INFO - Refining system strategies...
2025-04-16 03:26:19,384 - INFO - Refinement complete.
2025-04-16 03:26:19,384 - INFO - Microkernel cycle complete.
2025-04-16 03:26:29,385 - INFO - Refining system strategies...
2025-04-16 03:26:29,385 - INFO - Refinement complete.
2025-04-16 03:26:29,385 - INFO - Microkernel cycle complete.
2025-04-16 03:26:39,386 - INFO - Refining system strategies...
2025-04-16 03:26:39,386 - INFO - Refinement complete.
2025-04-16 03:26:39,386 - INFO - Microkernel cycle complete.
2025-04-16 03:26:49,386 - INFO - Refining system strategies...
2025-04-16 03:26:49,386 - INFO - Refinement complete.
2025-04-16 03:26:49,387 - INFO - Microkernel cycle complete.
2025-04-16 03:26:59,387 - INFO - Refining system strategies...
2025-04-16 03:26:59,387 - INFO - Refinement complete.
2025-04-16 03:26:59,387 - INFO - Microkernel cycle complete.
2025-04-16 03:27:09,388 - INFO - Refining system strategies...
2025-04-16 03:27:09,388 - INFO - Refinement complete.
2025-04-16 03:27:09,388 - INFO - Microkernel cycle complete.
2025-04-16 03:27:19,389 - INFO - Refining system strategies...
2025-04-16 03:27:19,389 - INFO - Refinement complete.
2025-04-16 03:27:19,389 - INFO - Microkernel cycle complete.
2025-04-16 03:27:29,389 - INFO - Refining system strategies...
2025-04-16 03:27:29,390 - INFO - Refinement complete.
2025-04-16 03:27:29,390 - INFO - Microkernel cycle complete.
2025-04-16 03:27:39,390 - INFO - Refining system strategies...
2025-04-16 03:27:39,390 - INFO - Refinement complete.
2025-04-16 03:27:39,390 - INFO - Microkernel cycle complete.
2025-04-16 03:27:49,391 - INFO - Refining system strategies...
2025-04-16 03:27:49,391 - INFO - Refinement complete.
2025-04-16 03:27:49,391 - INFO - Microkernel cycle complete.
2025-04-16 03:27:59,392 - INFO - Refining system strategies...
2025-04-16 03:27:59,392 - INFO - Refinement complete.
2025-04-16 03:27:59,392 - INFO - Microkernel cycle complete.
2025-04-16 03:28:09,393 - INFO - Refining system strategies...
2025-04-16 03:28:09,393 - INFO - Refinement complete.
2025-04-16 03:28:09,393 - INFO - Microkernel cycle complete.
2025-04-16 03:28:19,394 - INFO - Refining system strategies...
2025-04-16 03:28:19,394 - INFO - Refinement complete.
2025-04-16 03:28:19,394 - INFO - Microkernel cycle complete.
2025-04-16 03:28:29,395 - INFO - Refining system strategies...
2025-04-16 03:28:29,395 - INFO - Refinement complete.
2025-04-16 03:28:29,395 - INFO - Microkernel cycle complete.
2025-04-16 03:28:39,395 - INFO - Refining system strategies...
2025-04-16 03:28:39,395 - INFO - Refinement complete.
2025-04-16 03:28:39,396 - INFO - Microkernel cycle complete.
2025-04-16 03:28:49,396 - INFO - Refining system strategies...
2025-04-16 03:28:49,396 - INFO - Refinement complete.
2025-04-16 03:28:49,396 - INFO - Microkernel cycle complete.
2025-04-16 03:28:59,397 - INFO - Refining system strategies...
2025-04-16 03:28:59,397 - INFO - Refinement complete.
2025-04-16 03:28:59,397 - INFO - Microkernel cycle complete.
2025-04-16 03:29:09,398 - INFO - Refining system strategies...
2025-04-16 03:29:09,398 - INFO - Refinement complete.
2025-04-16 03:29:09,398 - INFO - Microkernel cycle complete.
2025-04-16 03:29:19,399 - INFO - Refining system strategies...
2025-04-16 03:29:19,399 - INFO - Refinement complete.
2025-04-16 03:29:19,399 - INFO - Microkernel cycle complete.
2025-04-16 03:29:29,399 - INFO - Refining system strategies...
2025-04-16 03:29:29,399 - INFO - Refinement complete.
2025-04-16 03:29:29,400 - INFO - Microkernel cycle complete.
2025-04-16 03:29:39,400 - INFO - Refining system strategies...
2025-04-16 03:29:39,400 - INFO - Refinement complete.
2025-04-16 03:29:39,400 - INFO - Microkernel cycle complete.
2025-04-16 03:29:49,401 - INFO - Refining system strategies...
2025-04-16 03:29:49,401 - INFO - Refinement complete.
2025-04-16 03:29:49,401 - INFO - Microkernel cycle complete.
2025-04-16 03:29:59,402 - INFO - Refining system strategies...
2025-04-16 03:29:59,402 - INFO - Refinement complete.
2025-04-16 03:29:59,402 - INFO - Microkernel cycle complete.
2025-04-16 03:30:09,403 - INFO - Refining system strategies...
2025-04-16 03:30:09,403 - INFO - Refinement complete.
2025-04-16 03:30:09,403 - INFO - Microkernel cycle complete.
2025-04-16 03:30:19,403 - INFO - Refining system strategies...
2025-04-16 03:30:19,403 - INFO - Refinement complete.
2025-04-16 03:30:19,403 - INFO - Microkernel cycle complete.
2025-04-16 03:30:29,404 - INFO - Refining system strategies...
2025-04-16 03:30:29,404 - INFO - Refinement complete.
2025-04-16 03:30:29,404 - INFO - Microkernel cycle complete.
2025-04-16 03:30:39,405 - INFO - Refining system strategies...
2025-04-16 03:30:39,405 - INFO - Refinement complete.
2025-04-16 03:30:39,405 - INFO - Microkernel cycle complete.
2025-04-16 03:30:49,405 - INFO - Refining system strategies...
2025-04-16 03:30:49,406 - INFO - Refinement complete.
2025-04-16 03:30:49,406 - INFO - Microkernel cycle complete.
2025-04-16 03:30:59,406 - INFO - Refining system strategies...
2025-04-16 03:30:59,406 - INFO - Refinement complete.
2025-04-16 03:30:59,406 - INFO - Microkernel cycle complete.
2025-04-16 03:31:09,407 - INFO - Refining system strategies...
2025-04-16 03:31:09,407 - INFO - Refinement complete.
2025-04-16 03:31:09,407 - INFO - Microkernel cycle complete.
2025-04-16 03:31:19,408 - INFO - Refining system strategies...
2025-04-16 03:31:19,408 - INFO - Refinement complete.
2025-04-16 03:31:19,408 - INFO - Microkernel cycle complete.
2025-04-16 03:31:29,408 - INFO - Refining system strategies...
2025-04-16 03:31:29,409 - INFO - Refinement complete.
2025-04-16 03:31:29,409 - INFO - Microkernel cycle complete.
2025-04-16 03:31:39,409 - INFO - Refining system strategies...
2025-04-16 03:31:39,409 - INFO - Refinement complete.
2025-04-16 03:31:39,409 - INFO - Microkernel cycle complete.
2025-04-16 03:31:49,410 - INFO - Refining system strategies...
2025-04-16 03:31:49,410 - INFO - Refinement complete.
2025-04-16 03:31:49,410 - INFO - Microkernel cycle complete.
2025-04-16 03:31:59,411 - INFO - Refining system strategies...
2025-04-16 03:31:59,411 - INFO - Refinement complete.
2025-04-16 03:31:59,411 - INFO - Microkernel cycle complete.
2025-04-16 03:32:09,412 - INFO - Refining system strategies...
2025-04-16 03:32:09,412 - INFO - Refinement complete.
2025-04-16 03:32:09,412 - INFO - Microkernel cycle complete.
2025-04-16 03:32:19,412 - INFO - Refining system strategies...
2025-04-16 03:32:19,412 - INFO - Refinement complete.
2025-04-16 03:32:19,413 - INFO - Microkernel cycle complete.
2025-04-16 03:32:29,413 - INFO - Refining system strategies...
2025-04-16 03:32:29,413 - INFO - Refinement complete.
2025-04-16 03:32:29,413 - INFO - Microkernel cycle complete.
2025-04-16 03:32:39,414 - INFO - Refining system strategies...
2025-04-16 03:32:39,414 - INFO - Refinement complete.
2025-04-16 03:32:39,414 - INFO - Microkernel cycle complete.
2025-04-16 03:32:49,414 - INFO - Refining system strategies...
2025-04-16 03:32:49,415 - INFO - Refinement complete.
2025-04-16 03:32:49,415 - INFO - Microkernel cycle complete.
2025-04-16 03:32:59,415 - INFO - Refining system strategies...
2025-04-16 03:32:59,415 - INFO - Refinement complete.
2025-04-16 03:32:59,416 - INFO - Microkernel cycle complete.
2025-04-16 03:33:09,416 - INFO - Refining system strategies...
2025-04-16 03:33:09,416 - INFO - Refinement complete.
2025-04-16 03:33:09,416 - INFO - Microkernel cycle complete.
2025-04-16 03:33:19,417 - INFO - Refining system strategies...
2025-04-16 03:33:19,417 - INFO - Refinement complete.
2025-04-16 03:33:19,417 - INFO - Microkernel cycle complete.
2025-04-16 03:33:29,418 - INFO - Refining system strategies...
2025-04-16 03:33:29,418 - INFO - Refinement complete.
2025-04-16 03:33:29,418 - INFO - Microkernel cycle complete.
2025-04-16 03:33:39,418 - INFO - Refining system strategies...
2025-04-16 03:33:39,418 - INFO - Refinement complete.
2025-04-16 03:33:39,419 - INFO - Microkernel cycle complete.
2025-04-16 03:33:49,419 - INFO - Refining system strategies...
2025-04-16 03:33:49,419 - INFO - Refinement complete.
2025-04-16 03:33:49,419 - INFO - Microkernel cycle complete.
2025-04-16 03:33:59,420 - INFO - Refining system strategies...
2025-04-16 03:33:59,420 - INFO - Refinement complete.
2025-04-16 03:33:59,420 - INFO - Microkernel cycle complete.
2025-04-16 03:34:09,421 - INFO - Refining system strategies...
2025-04-16 03:34:09,421 - INFO - Refinement complete.
2025-04-16 03:34:09,421 - INFO - Microkernel cycle complete.
2025-04-16 03:34:19,421 - INFO - Refining system strategies...
2025-04-16 03:34:19,421 - INFO - Refinement complete.
2025-04-16 03:34:19,422 - INFO - Microkernel cycle complete.
2025-04-16 03:34:29,422 - INFO - Refining system strategies...
2025-04-16 03:34:29,422 - INFO - Refinement complete.
2025-04-16 03:34:29,422 - INFO - Microkernel cycle complete.
2025-04-16 03:34:39,423 - INFO - Refining system strategies...
2025-04-16 03:34:39,423 - INFO - Refinement complete.
2025-04-16 03:34:39,423 - INFO - Microkernel cycle complete.
2025-04-16 03:34:49,423 - INFO - Refining system strategies...
2025-04-16 03:34:49,424 - INFO - Refinement complete.
2025-04-16 03:34:49,424 - INFO - Microkernel cycle complete.
2025-04-16 03:34:59,424 - INFO - Refining system strategies...
2025-04-16 03:34:59,424 - INFO - Refinement complete.
2025-04-16 03:34:59,425 - INFO - Microkernel cycle complete.
2025-04-16 03:35:09,425 - INFO - Refining system strategies...
2025-04-16 03:35:09,425 - INFO - Refinement complete.
2025-04-16 03:35:09,425 - INFO - Microkernel cycle complete.
2025-04-16 03:35:19,426 - INFO - Refining system strategies...
2025-04-16 03:35:19,426 - INFO - Refinement complete.
2025-04-16 03:35:19,426 - INFO - Microkernel cycle complete.
2025-04-16 03:35:29,427 - INFO - Refining system strategies...
2025-04-16 03:35:29,427 - INFO - Refinement complete.
2025-04-16 03:35:29,427 - INFO - Microkernel cycle complete.
2025-04-16 03:35:39,427 - INFO - Refining system strategies...
2025-04-16 03:35:39,427 - INFO - Refinement complete.
2025-04-16 03:35:39,428 - INFO - Microkernel cycle complete.
2025-04-16 03:35:49,428 - INFO - Refining system strategies...
2025-04-16 03:35:49,428 - INFO - Refinement complete.
2025-04-16 03:35:49,428 - INFO - Microkernel cycle complete.
2025-04-16 03:35:59,429 - INFO - Refining system strategies...
2025-04-16 03:35:59,429 - INFO - Refinement complete.
2025-04-16 03:35:59,429 - INFO - Microkernel cycle complete.
2025-04-16 03:36:09,430 - INFO - Refining system strategies...
2025-04-16 03:36:09,430 - INFO - Refinement complete.
2025-04-16 03:36:09,430 - INFO - Microkernel cycle complete.
2025-04-16 03:36:19,430 - INFO - Refining system strategies...
2025-04-16 03:36:19,431 - INFO - Refinement complete.
2025-04-16 03:36:19,431 - INFO - Microkernel cycle complete.
2025-04-16 03:36:29,431 - INFO - Refining system strategies...
2025-04-16 03:36:29,431 - INFO - Refinement complete.
2025-04-16 03:36:29,431 - INFO - Microkernel cycle complete.
2025-04-16 03:36:39,432 - INFO - Refining system strategies...
2025-04-16 03:36:39,432 - INFO - Refinement complete.
2025-04-16 03:36:39,432 - INFO - Microkernel cycle complete.
2025-04-16 03:36:49,433 - INFO - Refining system strategies...
2025-04-16 03:36:49,433 - INFO - Refinement complete.
2025-04-16 03:36:49,433 - INFO - Microkernel cycle complete.
2025-04-16 03:36:59,433 - INFO - Refining system strategies...
2025-04-16 03:36:59,434 - INFO - Refinement complete.
2025-04-16 03:36:59,434 - INFO - Microkernel cycle complete.
2025-04-16 03:37:09,434 - INFO - Refining system strategies...
2025-04-16 03:37:09,434 - INFO - Refinement complete.
2025-04-16 03:37:09,435 - INFO - Microkernel cycle complete.
2025-04-16 03:37:19,435 - INFO - Refining system strategies...
2025-04-16 03:37:19,435 - INFO - Refinement complete.
2025-04-16 03:37:19,435 - INFO - Microkernel cycle complete.
2025-04-16 03:37:29,436 - INFO - Refining system strategies...
2025-04-16 03:37:29,436 - INFO - Refinement complete.
2025-04-16 03:37:29,436 - INFO - Microkernel cycle complete.
2025-04-16 03:37:39,436 - INFO - Refining system strategies...
2025-04-16 03:37:39,437 - INFO - Refinement complete.
2025-04-16 03:37:39,437 - INFO - Microkernel cycle complete.
2025-04-16 03:37:49,437 - INFO - Refining system strategies...
2025-04-16 03:37:49,437 - INFO - Refinement complete.
2025-04-16 03:37:49,437 - INFO - Microkernel cycle complete.
2025-04-16 03:37:59,438 - INFO - Refining system strategies...
2025-04-16 03:37:59,438 - INFO - Refinement complete.
2025-04-16 03:37:59,438 - INFO - Microkernel cycle complete.
2025-04-16 03:38:09,439 - INFO - Refining system strategies...
2025-04-16 03:38:09,439 - INFO - Refinement complete.
2025-04-16 03:38:09,439 - INFO - Microkernel cycle complete.
2025-04-16 03:38:19,440 - INFO - Refining system strategies...
2025-04-16 03:38:19,440 - INFO - Refinement complete.
2025-04-16 03:38:19,440 - INFO - Microkernel cycle complete.
2025-04-16 03:38:29,440 - INFO - Refining system strategies...
2025-04-16 03:38:29,440 - INFO - Refinement complete.
2025-04-16 03:38:29,441 - INFO - Microkernel cycle complete.
2025-04-16 03:38:39,441 - INFO - Refining system strategies...
2025-04-16 03:38:39,441 - INFO - Refinement complete.
2025-04-16 03:38:39,441 - INFO - Microkernel cycle complete.
2025-04-16 03:38:49,442 - INFO - Refining system strategies...
2025-04-16 03:38:49,442 - INFO - Refinement complete.
2025-04-16 03:38:49,442 - INFO - Microkernel cycle complete.
2025-04-16 03:38:59,443 - INFO - Refining system strategies...
2025-04-16 03:38:59,443 - INFO - Refinement complete.
2025-04-16 03:38:59,443 - INFO - Microkernel cycle complete.
2025-04-16 03:39:09,444 - INFO - Refining system strategies...
2025-04-16 03:39:09,444 - INFO - Refinement complete.
2025-04-16 03:39:09,444 - INFO - Microkernel cycle complete.
2025-04-16 03:39:19,444 - INFO - Refining system strategies...
2025-04-16 03:39:19,445 - INFO - Refinement complete.
2025-04-16 03:39:19,445 - INFO - Microkernel cycle complete.
2025-04-16 03:39:29,445 - INFO - Refining system strategies...
2025-04-16 03:39:29,445 - INFO - Refinement complete.
2025-04-16 03:39:29,445 - INFO - Microkernel cycle complete.
2025-04-16 03:39:39,446 - INFO - Refining system strategies...
2025-04-16 03:39:39,446 - INFO - Refinement complete.
2025-04-16 03:39:39,446 - INFO - Microkernel cycle complete.
2025-04-16 03:39:49,447 - INFO - Refining system strategies...
2025-04-16 03:39:49,447 - INFO - Refinement complete.
2025-04-16 03:39:49,447 - INFO - Microkernel cycle complete.
2025-04-16 03:39:59,447 - INFO - Refining system strategies...
2025-04-16 03:39:59,448 - INFO - Refinement complete.
2025-04-16 03:39:59,448 - INFO - Microkernel cycle complete.
2025-04-16 03:40:09,448 - INFO - Refining system strategies...
2025-04-16 03:40:09,448 - INFO - Refinement complete.
2025-04-16 03:40:09,448 - INFO - Microkernel cycle complete.
2025-04-16 03:40:19,449 - INFO - Refining system strategies...
2025-04-16 03:40:19,449 - INFO - Refinement complete.
2025-04-16 03:40:19,449 - INFO - Microkernel cycle complete.
2025-04-16 03:40:29,450 - INFO - Refining system strategies...
2025-04-16 03:40:29,450 - INFO - Refinement complete.
2025-04-16 03:40:29,450 - INFO - Microkernel cycle complete.
2025-04-16 03:40:39,450 - INFO - Refining system strategies...
2025-04-16 03:40:39,450 - INFO - Refinement complete.
2025-04-16 03:40:39,451 - INFO - Microkernel cycle complete.
2025-04-16 03:40:49,451 - INFO - Refining system strategies...
2025-04-16 03:40:49,451 - INFO - Refinement complete.
2025-04-16 03:40:49,451 - INFO - Microkernel cycle complete.
2025-04-16 03:40:59,452 - INFO - Refining system strategies...
2025-04-16 03:40:59,452 - INFO - Refinement complete.
2025-04-16 03:40:59,452 - INFO - Microkernel cycle complete.
2025-04-16 03:41:09,453 - INFO - Refining system strategies...
2025-04-16 03:41:09,453 - INFO - Refinement complete.
2025-04-16 03:41:09,453 - INFO - Microkernel cycle complete.
2025-04-16 03:41:19,453 - INFO - Refining system strategies...
2025-04-16 03:41:19,454 - INFO - Refinement complete.
2025-04-16 03:41:19,454 - INFO - Microkernel cycle complete.
2025-04-16 03:41:29,454 - INFO - Refining system strategies...
2025-04-16 03:41:29,454 - INFO - Refinement complete.
2025-04-16 03:41:29,454 - INFO - Microkernel cycle complete.
2025-04-16 03:41:39,455 - INFO - Refining system strategies...
2025-04-16 03:41:39,455 - INFO - Refinement complete.
2025-04-16 03:41:39,455 - INFO - Microkernel cycle complete.
2025-04-16 03:41:49,455 - INFO - Refining system strategies...
2025-04-16 03:41:49,456 - INFO - Refinement complete.
2025-04-16 03:41:49,456 - INFO - Microkernel cycle complete.
2025-04-16 03:41:59,456 - INFO - Refining system strategies...
2025-04-16 03:41:59,457 - INFO - Refinement complete.
2025-04-16 03:41:59,457 - INFO - Microkernel cycle complete.
2025-04-16 03:42:09,457 - INFO - Refining system strategies...
2025-04-16 03:42:09,457 - INFO - Refinement complete.
2025-04-16 03:42:09,457 - INFO - Microkernel cycle complete.
2025-04-16 03:42:19,458 - INFO - Refining system strategies...
2025-04-16 03:42:19,458 - INFO - Refinement complete.
2025-04-16 03:42:19,458 - INFO - Microkernel cycle complete.
2025-04-16 03:42:29,459 - INFO - Refining system strategies...
2025-04-16 03:42:29,459 - INFO - Refinement complete.
2025-04-16 03:42:29,459 - INFO - Microkernel cycle complete.
2025-04-16 03:42:39,459 - INFO - Refining system strategies...
2025-04-16 03:42:39,459 - INFO - Refinement complete.
2025-04-16 03:42:39,459 - INFO - Microkernel cycle complete.
2025-04-16 03:42:49,460 - INFO - Refining system strategies...
2025-04-16 03:42:49,460 - INFO - Refinement complete.
2025-04-16 03:42:49,460 - INFO - Microkernel cycle complete.
2025-04-16 03:42:59,461 - INFO - Refining system strategies...
2025-04-16 03:42:59,461 - INFO - Refinement complete.
2025-04-16 03:42:59,461 - INFO - Microkernel cycle complete.
2025-04-16 03:43:09,462 - INFO - Refining system strategies...
2025-04-16 03:43:09,462 - INFO - Refinement complete.
2025-04-16 03:43:09,462 - INFO - Microkernel cycle complete.
2025-04-16 03:43:19,462 - INFO - Refining system strategies...
2025-04-16 03:43:19,463 - INFO - Refinement complete.
2025-04-16 03:43:19,463 - INFO - Microkernel cycle complete.
2025-04-16 03:43:29,463 - INFO - Refining system strategies...
2025-04-16 03:43:29,463 - INFO - Refinement complete.
2025-04-16 03:43:29,463 - INFO - Microkernel cycle complete.
2025-04-16 03:43:39,464 - INFO - Refining system strategies...
2025-04-16 03:43:39,464 - INFO - Refinement complete.
2025-04-16 03:43:39,464 - INFO - Microkernel cycle complete.
2025-04-16 03:43:49,465 - INFO - Refining system strategies...
2025-04-16 03:43:49,465 - INFO - Refinement complete.
2025-04-16 03:43:49,465 - INFO - Microkernel cycle complete.
2025-04-16 03:43:59,465 - INFO - Refining system strategies...
2025-04-16 03:43:59,465 - INFO - Refinement complete.
2025-04-16 03:43:59,466 - INFO - Microkernel cycle complete.
2025-04-16 03:44:09,466 - INFO - Refining system strategies...
2025-04-16 03:44:09,466 - INFO - Refinement complete.
2025-04-16 03:44:09,466 - INFO - Microkernel cycle complete.
2025-04-16 03:44:19,467 - INFO - Refining system strategies...
2025-04-16 03:44:19,467 - INFO - Refinement complete.
2025-04-16 03:44:19,467 - INFO - Microkernel cycle complete.
2025-04-16 03:44:29,468 - INFO - Refining system strategies...
2025-04-16 03:44:29,468 - INFO - Refinement complete.
2025-04-16 03:44:29,468 - INFO - Microkernel cycle complete.
2025-04-16 03:44:39,468 - INFO - Refining system strategies...
2025-04-16 03:44:39,468 - INFO - Refinement complete.
2025-04-16 03:44:39,468 - INFO - Microkernel cycle complete.
2025-04-16 03:44:49,469 - INFO - Refining system strategies...
2025-04-16 03:44:49,469 - INFO - Refinement complete.
2025-04-16 03:44:49,469 - INFO - Microkernel cycle complete.
2025-04-16 03:44:59,470 - INFO - Refining system strategies...
2025-04-16 03:44:59,470 - INFO - Refinement complete.
2025-04-16 03:44:59,470 - INFO - Microkernel cycle complete.
2025-04-16 03:45:09,470 - INFO - Refining system strategies...
2025-04-16 03:45:09,470 - INFO - Refinement complete.
2025-04-16 03:45:09,471 - INFO - Microkernel cycle complete.
2025-04-16 03:45:19,471 - INFO - Refining system strategies...
2025-04-16 03:45:19,471 - INFO - Refinement complete.
2025-04-16 03:45:19,471 - INFO - Microkernel cycle complete.
2025-04-16 03:45:29,472 - INFO - Refining system strategies...
2025-04-16 03:45:29,472 - INFO - Refinement complete.
2025-04-16 03:45:29,472 - INFO - Microkernel cycle complete.
2025-04-16 03:45:39,473 - INFO - Refining system strategies...
2025-04-16 03:45:39,473 - INFO - Refinement complete.
2025-04-16 03:45:39,473 - INFO - Microkernel cycle complete.
2025-04-16 03:45:49,473 - INFO - Refining system strategies...
2025-04-16 03:45:49,473 - INFO - Refinement complete.
2025-04-16 03:45:49,473 - INFO - Microkernel cycle complete.
2025-04-16 03:45:59,474 - INFO - Refining system strategies...
2025-04-16 03:45:59,474 - INFO - Refinement complete.
2025-04-16 03:45:59,474 - INFO - Microkernel cycle complete.
2025-04-16 03:46:09,475 - INFO - Refining system strategies...
2025-04-16 03:46:09,475 - INFO - Refinement complete.
2025-04-16 03:46:09,475 - INFO - Microkernel cycle complete.
2025-04-16 03:46:19,476 - INFO - Refining system strategies...
2025-04-16 03:46:19,476 - INFO - Refinement complete.
2025-04-16 03:46:19,476 - INFO - Microkernel cycle complete.
2025-04-16 03:46:29,476 - INFO - Refining system strategies...
2025-04-16 03:46:29,476 - INFO - Refinement complete.
2025-04-16 03:46:29,477 - INFO - Microkernel cycle complete.
2025-04-16 03:46:39,477 - INFO - Refining system strategies...
2025-04-16 03:46:39,477 - INFO - Refinement complete.
2025-04-16 03:46:39,477 - INFO - Microkernel cycle complete.
2025-04-16 03:46:49,478 - INFO - Refining system strategies...
2025-04-16 03:46:49,478 - INFO - Refinement complete.
2025-04-16 03:46:49,478 - INFO - Microkernel cycle complete.
2025-04-16 03:46:59,479 - INFO - Refining system strategies...
2025-04-16 03:46:59,479 - INFO - Refinement complete.
2025-04-16 03:46:59,479 - INFO - Microkernel cycle complete.
2025-04-16 03:47:09,479 - INFO - Refining system strategies...
2025-04-16 03:47:09,479 - INFO - Refinement complete.
2025-04-16 03:47:09,479 - INFO - Microkernel cycle complete.
2025-04-16 03:47:19,480 - INFO - Refining system strategies...
2025-04-16 03:47:19,480 - INFO - Refinement complete.
2025-04-16 03:47:19,480 - INFO - Microkernel cycle complete.
2025-04-16 03:47:29,481 - INFO - Refining system strategies...
2025-04-16 03:47:29,481 - INFO - Refinement complete.
2025-04-16 03:47:29,481 - INFO - Microkernel cycle complete.
2025-04-16 03:47:39,481 - INFO - Refining system strategies...
2025-04-16 03:47:39,481 - INFO - Refinement complete.
2025-04-16 03:47:39,482 - INFO - Microkernel cycle complete.
2025-04-16 03:47:49,482 - INFO - Refining system strategies...
2025-04-16 03:47:49,482 - INFO - Refinement complete.
2025-04-16 03:47:49,482 - INFO - Microkernel cycle complete.
2025-04-16 03:47:59,483 - INFO - Refining system strategies...
2025-04-16 03:47:59,483 - INFO - Refinement complete.
2025-04-16 03:47:59,483 - INFO - Microkernel cycle complete.
2025-04-16 03:48:09,484 - INFO - Refining system strategies...
2025-04-16 03:48:09,484 - INFO - Refinement complete.
2025-04-16 03:48:09,484 - INFO - Microkernel cycle complete.
2025-04-16 03:48:19,484 - INFO - Refining system strategies...
2025-04-16 03:48:19,485 - INFO - Refinement complete.
2025-04-16 03:48:19,485 - INFO - Microkernel cycle complete.
2025-04-16 03:48:29,485 - INFO - Refining system strategies...
2025-04-16 03:48:29,485 - INFO - Refinement complete.
2025-04-16 03:48:29,485 - INFO - Microkernel cycle complete.
2025-04-16 03:48:39,486 - INFO - Refining system strategies...
2025-04-16 03:48:39,486 - INFO - Refinement complete.
2025-04-16 03:48:39,486 - INFO - Microkernel cycle complete.
2025-04-16 03:48:49,487 - INFO - Refining system strategies...
2025-04-16 03:48:49,487 - INFO - Refinement complete.
2025-04-16 03:48:49,487 - INFO - Microkernel cycle complete.
2025-04-16 03:48:59,487 - INFO - Refining system strategies...
2025-04-16 03:48:59,488 - INFO - Refinement complete.
2025-04-16 03:48:59,488 - INFO - Microkernel cycle complete.
2025-04-16 03:49:09,488 - INFO - Refining system strategies...
2025-04-16 03:49:09,488 - INFO - Refinement complete.
2025-04-16 03:49:09,488 - INFO - Microkernel cycle complete.
2025-04-16 03:49:19,489 - INFO - Refining system strategies...
2025-04-16 03:49:19,489 - INFO - Refinement complete.
2025-04-16 03:49:19,489 - INFO - Microkernel cycle complete.
2025-04-16 03:49:29,490 - INFO - Refining system strategies...
2025-04-16 03:49:29,490 - INFO - Refinement complete.
2025-04-16 03:49:29,490 - INFO - Microkernel cycle complete.
2025-04-16 03:49:39,491 - INFO - Refining system strategies...
2025-04-16 03:49:39,491 - INFO - Refinement complete.
2025-04-16 03:49:39,491 - INFO - Microkernel cycle complete.
2025-04-16 03:49:49,491 - INFO - Refining system strategies...
2025-04-16 03:49:49,492 - INFO - Refinement complete.
2025-04-16 03:49:49,492 - INFO - Microkernel cycle complete.
2025-04-16 03:49:59,492 - INFO - Refining system strategies...
2025-04-16 03:49:59,493 - INFO - Refinement complete.
2025-04-16 03:49:59,493 - INFO - Microkernel cycle complete.
2025-04-16 03:50:03,703 - INFO - Refining system strategies...
2025-04-16 03:50:03,703 - INFO - Refinement complete.
2025-04-16 03:50:03,703 - INFO - Microkernel cycle complete.
2025-04-16 03:50:09,493 - INFO - Refining system strategies...
2025-04-16 03:50:09,493 - INFO - Refinement complete.
2025-04-16 03:50:09,494 - INFO - Microkernel cycle complete.
2025-04-16 03:50:13,704 - INFO - Refining system strategies...
2025-04-16 03:50:13,704 - INFO - Refinement complete.
2025-04-16 03:50:13,704 - INFO - Microkernel cycle complete.
2025-04-16 03:50:19,494 - INFO - Refining system strategies...
2025-04-16 03:50:19,494 - INFO - Refinement complete.
2025-04-16 03:50:19,494 - INFO - Microkernel cycle complete.
2025-04-16 03:50:23,705 - INFO - Refining system strategies...
2025-04-16 03:50:23,705 - INFO - Refinement complete.
2025-04-16 03:50:23,705 - INFO - Microkernel cycle complete.
2025-04-16 03:50:29,495 - INFO - Refining system strategies...
2025-04-16 03:50:29,495 - INFO - Refinement complete.
2025-04-16 03:50:29,495 - INFO - Microkernel cycle complete.
2025-04-16 03:50:33,705 - INFO - Refining system strategies...
2025-04-16 03:50:33,705 - INFO - Refinement complete.
2025-04-16 03:50:33,706 - INFO - Microkernel cycle complete.
2025-04-16 03:50:39,496 - INFO - Refining system strategies...
2025-04-16 03:50:39,496 - INFO - Refinement complete.
2025-04-16 03:50:39,496 - INFO - Microkernel cycle complete.
2025-04-16 03:50:43,706 - INFO - Refining system strategies...
2025-04-16 03:50:43,706 - INFO - Refinement complete.
2025-04-16 03:50:43,706 - INFO - Microkernel cycle complete.
2025-04-16 03:50:49,496 - INFO - Refining system strategies...
2025-04-16 03:50:49,496 - INFO - Refinement complete.
2025-04-16 03:50:49,496 - INFO - Microkernel cycle complete.
2025-04-16 03:50:53,707 - INFO - Refining system strategies...
2025-04-16 03:50:53,707 - INFO - Refinement complete.
2025-04-16 03:50:53,707 - INFO - Microkernel cycle complete.
2025-04-16 03:50:59,497 - INFO - Refining system strategies...
2025-04-16 03:50:59,497 - INFO - Refinement complete.
2025-04-16 03:50:59,497 - INFO - Microkernel cycle complete.
2025-04-16 03:51:03,708 - INFO - Refining system strategies...
2025-04-16 03:51:03,708 - INFO - Refinement complete.
2025-04-16 03:51:03,708 - INFO - Microkernel cycle complete.
2025-04-16 03:51:09,498 - INFO - Refining system strategies...
2025-04-16 03:51:09,498 - INFO - Refinement complete.
2025-04-16 03:51:09,498 - INFO - Microkernel cycle complete.
2025-04-16 03:51:13,709 - INFO - Refining system strategies...
2025-04-16 03:51:13,709 - INFO - Refinement complete.
2025-04-16 03:51:13,709 - INFO - Microkernel cycle complete.
2025-04-16 03:51:19,499 - INFO - Refining system strategies...
2025-04-16 03:51:19,499 - INFO - Refinement complete.
2025-04-16 03:51:19,499 - INFO - Microkernel cycle complete.
2025-04-16 03:51:29,500 - INFO - Refining system strategies...
2025-04-16 03:51:29,500 - INFO - Refinement complete.
2025-04-16 03:51:29,500 - INFO - Microkernel cycle complete.
2025-04-16 03:51:39,500 - INFO - Refining system strategies...
2025-04-16 03:51:39,500 - INFO - Refinement complete.
2025-04-16 03:51:39,501 - INFO - Microkernel cycle complete.
2025-04-16 03:51:49,501 - INFO - Refining system strategies...
2025-04-16 03:51:49,501 - INFO - Refinement complete.
2025-04-16 03:51:49,501 - INFO - Microkernel cycle complete.
2025-04-16 03:51:59,502 - INFO - Refining system strategies...
2025-04-16 03:51:59,502 - INFO - Refinement complete.
2025-04-16 03:51:59,502 - INFO - Microkernel cycle complete.
2025-04-16 03:52:09,503 - INFO - Refining system strategies...
2025-04-16 03:52:09,503 - INFO - Refinement complete.
2025-04-16 03:52:09,503 - INFO - Microkernel cycle complete.
2025-04-16 03:52:19,503 - INFO - Refining system strategies...
2025-04-16 03:52:19,504 - INFO - Refinement complete.
2025-04-16 03:52:19,504 - INFO - Microkernel cycle complete.
2025-04-16 03:52:29,504 - INFO - Refining system strategies...
2025-04-16 03:52:29,504 - INFO - Refinement complete.
2025-04-16 03:52:29,504 - INFO - Microkernel cycle complete.
2025-04-16 03:52:39,505 - INFO - Refining system strategies...
2025-04-16 03:52:39,505 - INFO - Refinement complete.
2025-04-16 03:52:39,505 - INFO - Microkernel cycle complete.
2025-04-16 03:52:49,506 - INFO - Refining system strategies...
2025-04-16 03:52:49,506 - INFO - Refinement complete.
2025-04-16 03:52:49,506 - INFO - Microkernel cycle complete.
2025-04-16 03:52:59,507 - INFO - Refining system strategies...
2025-04-16 03:52:59,507 - INFO - Refinement complete.
2025-04-16 03:52:59,507 - INFO - Microkernel cycle complete.
2025-04-16 03:53:09,507 - INFO - Refining system strategies...
2025-04-16 03:53:09,507 - INFO - Refinement complete.
2025-04-16 03:53:09,508 - INFO - Microkernel cycle complete.
2025-04-16 03:53:19,508 - INFO - Refining system strategies...
2025-04-16 03:53:19,508 - INFO - Refinement complete.
2025-04-16 03:53:19,508 - INFO - Microkernel cycle complete.
2025-04-16 03:53:29,509 - INFO - Refining system strategies...
2025-04-16 03:53:29,509 - INFO - Refinement complete.
2025-04-16 03:53:29,509 - INFO - Microkernel cycle complete.
2025-04-16 03:53:39,509 - INFO - Refining system strategies...
2025-04-16 03:53:39,510 - INFO - Refinement complete.
2025-04-16 03:53:39,510 - INFO - Microkernel cycle complete.
2025-04-16 03:53:49,510 - INFO - Refining system strategies...
2025-04-16 03:53:49,510 - INFO - Refinement complete.
2025-04-16 03:53:49,510 - INFO - Microkernel cycle complete.
2025-04-16 03:53:59,511 - INFO - Refining system strategies...
2025-04-16 03:53:59,511 - INFO - Refinement complete.
2025-04-16 03:53:59,511 - INFO - Microkernel cycle complete.
2025-04-16 03:54:09,512 - INFO - Refining system strategies...
2025-04-16 03:54:09,512 - INFO - Refinement complete.
2025-04-16 03:54:09,512 - INFO - Microkernel cycle complete.
2025-04-16 03:54:19,513 - INFO - Refining system strategies...
2025-04-16 03:54:19,513 - INFO - Refinement complete.
2025-04-16 03:54:19,513 - INFO - Microkernel cycle complete.
2025-04-16 03:54:29,513 - INFO - Refining system strategies...
2025-04-16 03:54:29,513 - INFO - Refinement complete.
2025-04-16 03:54:29,513 - INFO - Microkernel cycle complete.
2025-04-16 03:54:39,514 - INFO - Refining system strategies...
2025-04-16 03:54:39,514 - INFO - Refinement complete.
2025-04-16 03:54:39,514 - INFO - Microkernel cycle complete.
2025-04-16 03:54:49,515 - INFO - Refining system strategies...
2025-04-16 03:54:49,515 - INFO - Refinement complete.
2025-04-16 03:54:49,515 - INFO - Microkernel cycle complete.
2025-04-16 03:54:59,516 - INFO - Refining system strategies...
2025-04-16 03:54:59,516 - INFO - Refinement complete.
2025-04-16 03:54:59,516 - INFO - Microkernel cycle complete.
2025-04-16 03:55:09,517 - INFO - Refining system strategies...
2025-04-16 03:55:09,517 - INFO - Refinement complete.
2025-04-16 03:55:09,517 - INFO - Microkernel cycle complete.
2025-04-16 03:55:19,517 - INFO - Refining system strategies...
2025-04-16 03:55:19,518 - INFO - Refinement complete.
2025-04-16 03:55:19,518 - INFO - Microkernel cycle complete.
2025-04-16 03:55:29,518 - INFO - Refining system strategies...
2025-04-16 03:55:29,518 - INFO - Refinement complete.
2025-04-16 03:55:29,518 - INFO - Microkernel cycle complete.
2025-04-16 03:55:39,519 - INFO - Refining system strategies...
2025-04-16 03:55:39,519 - INFO - Refinement complete.
2025-04-16 03:55:39,519 - INFO - Microkernel cycle complete.
2025-04-16 03:55:49,520 - INFO - Refining system strategies...
2025-04-16 03:55:49,520 - INFO - Refinement complete.
2025-04-16 03:55:49,520 - INFO - Microkernel cycle complete.
2025-04-16 03:55:59,521 - INFO - Refining system strategies...
2025-04-16 03:55:59,521 - INFO - Refinement complete.
2025-04-16 03:55:59,521 - INFO - Microkernel cycle complete.
2025-04-16 03:56:09,521 - INFO - Refining system strategies...
2025-04-16 03:56:09,521 - INFO - Refinement complete.
2025-04-16 03:56:09,522 - INFO - Microkernel cycle complete.
2025-04-16 03:56:19,522 - INFO - Refining system strategies...
2025-04-16 03:56:19,522 - INFO - Refinement complete.
2025-04-16 03:56:19,522 - INFO - Microkernel cycle complete.
2025-04-16 03:56:29,523 - INFO - Refining system strategies...
2025-04-16 03:56:29,523 - INFO - Refinement complete.
2025-04-16 03:56:29,523 - INFO - Microkernel cycle complete.
2025-04-16 03:56:39,524 - INFO - Refining system strategies...
2025-04-16 03:56:39,524 - INFO - Refinement complete.
2025-04-16 03:56:39,524 - INFO - Microkernel cycle complete.
2025-04-16 03:56:49,524 - INFO - Refining system strategies...
2025-04-16 03:56:49,524 - INFO - Refinement complete.
2025-04-16 03:56:49,525 - INFO - Microkernel cycle complete.
2025-04-16 03:56:59,525 - INFO - Refining system strategies...
2025-04-16 03:56:59,525 - INFO - Refinement complete.
2025-04-16 03:56:59,525 - INFO - Microkernel cycle complete.
2025-04-16 03:57:09,526 - INFO - Refining system strategies...
2025-04-16 03:57:09,526 - INFO - Refinement complete.
2025-04-16 03:57:09,526 - INFO - Microkernel cycle complete.
2025-04-16 03:57:19,527 - INFO - Refining system strategies...
2025-04-16 03:57:19,527 - INFO - Refinement complete.
2025-04-16 03:57:19,527 - INFO - Microkernel cycle complete.
2025-04-16 03:57:29,527 - INFO - Refining system strategies...
2025-04-16 03:57:29,528 - INFO - Refinement complete.
2025-04-16 03:57:29,528 - INFO - Microkernel cycle complete.
2025-04-16 03:57:39,528 - INFO - Refining system strategies...
2025-04-16 03:57:39,528 - INFO - Refinement complete.
2025-04-16 03:57:39,528 - INFO - Microkernel cycle complete.
2025-04-16 03:57:49,529 - INFO - Refining system strategies...
2025-04-16 03:57:49,529 - INFO - Refinement complete.
2025-04-16 03:57:49,529 - INFO - Microkernel cycle complete.
2025-04-16 03:57:59,530 - INFO - Refining system strategies...
2025-04-16 03:57:59,530 - INFO - Refinement complete.
2025-04-16 03:57:59,530 - INFO - Microkernel cycle complete.
2025-04-16 03:58:09,531 - INFO - Refining system strategies...
2025-04-16 03:58:09,531 - INFO - Refinement complete.
2025-04-16 03:58:09,531 - INFO - Microkernel cycle complete.
2025-04-16 03:58:19,532 - INFO - Refining system strategies...
2025-04-16 03:58:19,532 - INFO - Refinement complete.
2025-04-16 03:58:19,532 - INFO - Microkernel cycle complete.
2025-04-16 03:58:29,532 - INFO - Refining system strategies...
2025-04-16 03:58:29,532 - INFO - Refinement complete.
2025-04-16 03:58:29,533 - INFO - Microkernel cycle complete.
2025-04-16 03:58:39,533 - INFO - Refining system strategies...
2025-04-16 03:58:39,533 - INFO - Refinement complete.
2025-04-16 03:58:39,533 - INFO - Microkernel cycle complete.
2025-04-16 03:58:49,534 - INFO - Refining system strategies...
2025-04-16 03:58:49,534 - INFO - Refinement complete.
2025-04-16 03:58:49,534 - INFO - Microkernel cycle complete.
2025-04-16 03:58:59,535 - INFO - Refining system strategies...
2025-04-16 03:58:59,535 - INFO - Refinement complete.
2025-04-16 03:58:59,535 - INFO - Microkernel cycle complete.
2025-04-16 03:59:09,535 - INFO - Refining system strategies...
2025-04-16 03:59:09,536 - INFO - Refinement complete.
2025-04-16 03:59:09,536 - INFO - Microkernel cycle complete.
2025-04-16 03:59:19,536 - INFO - Refining system strategies...
2025-04-16 03:59:19,536 - INFO - Refinement complete.
2025-04-16 03:59:19,536 - INFO - Microkernel cycle complete.
2025-04-16 03:59:29,537 - INFO - Refining system strategies...
2025-04-16 03:59:29,537 - INFO - Refinement complete.
2025-04-16 03:59:29,537 - INFO - Microkernel cycle complete.
2025-04-16 03:59:39,538 - INFO - Refining system strategies...
2025-04-16 03:59:39,538 - INFO - Refinement complete.
2025-04-16 03:59:39,538 - INFO - Microkernel cycle complete.
2025-04-16 03:59:49,538 - INFO - Refining system strategies...
2025-04-16 03:59:49,538 - INFO - Refinement complete.
2025-04-16 03:59:49,539 - INFO - Microkernel cycle complete.
2025-04-16 03:59:59,539 - INFO - Refining system strategies...
2025-04-16 03:59:59,539 - INFO - Refinement complete.
2025-04-16 03:59:59,539 - INFO - Microkernel cycle complete.
2025-04-16 04:00:09,540 - INFO - Refining system strategies...
2025-04-16 04:00:09,540 - INFO - Refinement complete.
2025-04-16 04:00:09,540 - INFO - Microkernel cycle complete.
2025-04-16 04:00:19,541 - INFO - Refining system strategies...
2025-04-16 04:00:19,541 - INFO - Refinement complete.
2025-04-16 04:00:19,541 - INFO - Microkernel cycle complete.
2025-04-16 04:00:29,541 - INFO - Refining system strategies...
2025-04-16 04:00:29,542 - INFO - Refinement complete.
2025-04-16 04:00:29,542 - INFO - Microkernel cycle complete.
2025-04-16 04:00:39,542 - INFO - Refining system strategies...
2025-04-16 04:00:39,542 - INFO - Refinement complete.
2025-04-16 04:00:39,542 - INFO - Microkernel cycle complete.
2025-04-16 04:00:49,543 - INFO - Refining system strategies...
2025-04-16 04:00:49,543 - INFO - Refinement complete.
2025-04-16 04:00:49,543 - INFO - Microkernel cycle complete.
2025-04-16 04:00:59,543 - INFO - Refining system strategies...
2025-04-16 04:00:59,544 - INFO - Refinement complete.
2025-04-16 04:00:59,544 - INFO - Microkernel cycle complete.
2025-04-16 04:01:09,544 - INFO - Refining system strategies...
2025-04-16 04:01:09,545 - INFO - Refinement complete.
2025-04-16 04:01:09,545 - INFO - Microkernel cycle complete.
2025-04-16 04:01:19,545 - INFO - Refining system strategies...
2025-04-16 04:01:19,545 - INFO - Refinement complete.
2025-04-16 04:01:19,545 - INFO - Microkernel cycle complete.
2025-04-16 04:01:29,546 - INFO - Refining system strategies...
2025-04-16 04:01:29,546 - INFO - Refinement complete.
2025-04-16 04:01:29,546 - INFO - Microkernel cycle complete.
2025-04-16 04:01:39,547 - INFO - Refining system strategies...
2025-04-16 04:01:39,547 - INFO - Refinement complete.
2025-04-16 04:01:39,547 - INFO - Microkernel cycle complete.
2025-04-16 04:01:49,547 - INFO - Refining system strategies...
2025-04-16 04:01:49,547 - INFO - Refinement complete.
2025-04-16 04:01:49,547 - INFO - Microkernel cycle complete.
2025-04-16 04:01:59,548 - INFO - Refining system strategies...
2025-04-16 04:01:59,548 - INFO - Refinement complete.
2025-04-16 04:01:59,548 - INFO - Microkernel cycle complete.
2025-04-16 04:02:09,549 - INFO - Refining system strategies...
2025-04-16 04:02:09,549 - INFO - Refinement complete.
2025-04-16 04:02:09,549 - INFO - Microkernel cycle complete.
2025-04-16 04:02:19,550 - INFO - Refining system strategies...
2025-04-16 04:02:19,550 - INFO - Refinement complete.
2025-04-16 04:02:19,550 - INFO - Microkernel cycle complete.
2025-04-16 04:02:29,550 - INFO - Refining system strategies...
2025-04-16 04:02:29,551 - INFO - Refinement complete.
2025-04-16 04:02:29,551 - INFO - Microkernel cycle complete.
2025-04-16 04:02:39,551 - INFO - Refining system strategies...
2025-04-16 04:02:39,551 - INFO - Refinement complete.
2025-04-16 04:02:39,551 - INFO - Microkernel cycle complete.
2025-04-16 04:02:49,552 - INFO - Refining system strategies...
2025-04-16 04:02:49,552 - INFO - Refinement complete.
2025-04-16 04:02:49,552 - INFO - Microkernel cycle complete.
2025-04-16 04:02:59,553 - INFO - Refining system strategies...
2025-04-16 04:02:59,553 - INFO - Refinement complete.
2025-04-16 04:02:59,553 - INFO - Microkernel cycle complete.
2025-04-16 04:03:09,554 - INFO - Refining system strategies...
2025-04-16 04:03:09,554 - INFO - Refinement complete.
2025-04-16 04:03:09,554 - INFO - Microkernel cycle complete.
2025-04-16 04:03:19,555 - INFO - Refining system strategies...
2025-04-16 04:03:19,555 - INFO - Refinement complete.
2025-04-16 04:03:19,555 - INFO - Microkernel cycle complete.
2025-04-16 04:03:29,555 - INFO - Refining system strategies...
2025-04-16 04:03:29,555 - INFO - Refinement complete.
2025-04-16 04:03:29,556 - INFO - Microkernel cycle complete.
2025-04-16 04:03:39,556 - INFO - Refining system strategies...
2025-04-16 04:03:39,556 - INFO - Refinement complete.
2025-04-16 04:03:39,556 - INFO - Microkernel cycle complete.
2025-04-16 04:03:49,557 - INFO - Refining system strategies...
2025-04-16 04:03:49,557 - INFO - Refinement complete.
2025-04-16 04:03:49,557 - INFO - Microkernel cycle complete.
2025-04-16 04:03:59,557 - INFO - Refining system strategies...
2025-04-16 04:03:59,558 - INFO - Refinement complete.
2025-04-16 04:03:59,558 - INFO - Microkernel cycle complete.
2025-04-16 04:04:09,558 - INFO - Refining system strategies...
2025-04-16 04:04:09,559 - INFO - Refinement complete.
2025-04-16 04:04:09,559 - INFO - Microkernel cycle complete.
2025-04-16 04:04:19,559 - INFO - Refining system strategies...
2025-04-16 04:04:19,559 - INFO - Refinement complete.
2025-04-16 04:04:19,559 - INFO - Microkernel cycle complete.
2025-04-16 04:04:29,560 - INFO - Refining system strategies...
2025-04-16 04:04:29,560 - INFO - Refinement complete.
2025-04-16 04:04:29,560 - INFO - Microkernel cycle complete.
2025-04-16 04:04:39,561 - INFO - Refining system strategies...
2025-04-16 04:04:39,561 - INFO - Refinement complete.
2025-04-16 04:04:39,561 - INFO - Microkernel cycle complete.
2025-04-16 04:04:49,561 - INFO - Refining system strategies...
2025-04-16 04:04:49,561 - INFO - Refinement complete.
2025-04-16 04:04:49,561 - INFO - Microkernel cycle complete.
2025-04-16 04:04:59,562 - INFO - Refining system strategies...
2025-04-16 04:04:59,562 - INFO - Refinement complete.
2025-04-16 04:04:59,562 - INFO - Microkernel cycle complete.
2025-04-16 04:05:09,563 - INFO - Refining system strategies...
2025-04-16 04:05:09,563 - INFO - Refinement complete.
2025-04-16 04:05:09,563 - INFO - Microkernel cycle complete.
2025-04-16 04:05:19,564 - INFO - Refining system strategies...
2025-04-16 04:05:19,564 - INFO - Refinement complete.
2025-04-16 04:05:19,564 - INFO - Microkernel cycle complete.
2025-04-16 04:05:29,564 - INFO - Refining system strategies...
2025-04-16 04:05:29,564 - INFO - Refinement complete.
2025-04-16 04:05:29,564 - INFO - Microkernel cycle complete.
2025-04-16 04:05:39,565 - INFO - Refining system strategies...
2025-04-16 04:05:39,565 - INFO - Refinement complete.
2025-04-16 04:05:39,565 - INFO - Microkernel cycle complete.
2025-04-16 04:05:49,566 - INFO - Refining system strategies...
2025-04-16 04:05:49,566 - INFO - Refinement complete.
2025-04-16 04:05:49,566 - INFO - Microkernel cycle complete.
2025-04-16 04:05:59,566 - INFO - Refining system strategies...
2025-04-16 04:05:59,567 - INFO - Refinement complete.
2025-04-16 04:05:59,567 - INFO - Microkernel cycle complete.
2025-04-16 04:06:09,567 - INFO - Refining system strategies...
2025-04-16 04:06:09,567 - INFO - Refinement complete.
2025-04-16 04:06:09,568 - INFO - Microkernel cycle complete.
2025-04-16 04:06:19,568 - INFO - Refining system strategies...
2025-04-16 04:06:19,568 - INFO - Refinement complete.
2025-04-16 04:06:19,568 - INFO - Microkernel cycle complete.
2025-04-16 04:06:29,569 - INFO - Refining system strategies...
2025-04-16 04:06:29,569 - INFO - Refinement complete.
2025-04-16 04:06:29,569 - INFO - Microkernel cycle complete.
2025-04-16 04:06:39,570 - INFO - Refining system strategies...
2025-04-16 04:06:39,570 - INFO - Refinement complete.
2025-04-16 04:06:39,570 - INFO - Microkernel cycle complete.
2025-04-16 04:06:49,570 - INFO - Refining system strategies...
2025-04-16 04:06:49,570 - INFO - Refinement complete.
2025-04-16 04:06:49,570 - INFO - Microkernel cycle complete.
2025-04-16 04:06:59,571 - INFO - Refining system strategies...
2025-04-16 04:06:59,571 - INFO - Refinement complete.
2025-04-16 04:06:59,571 - INFO - Microkernel cycle complete.
2025-04-16 04:07:09,572 - INFO - Refining system strategies...
2025-04-16 04:07:09,572 - INFO - Refinement complete.
2025-04-16 04:07:09,572 - INFO - Microkernel cycle complete.
2025-04-16 04:07:19,573 - INFO - Refining system strategies...
2025-04-16 04:07:19,573 - INFO - Refinement complete.
2025-04-16 04:07:19,573 - INFO - Microkernel cycle complete.
2025-04-16 04:07:29,573 - INFO - Refining system strategies...
2025-04-16 04:07:29,573 - INFO - Refinement complete.
2025-04-16 04:07:29,574 - INFO - Microkernel cycle complete.
2025-04-16 04:07:39,574 - INFO - Refining system strategies...
2025-04-16 04:07:39,574 - INFO - Refinement complete.
2025-04-16 04:07:39,574 - INFO - Microkernel cycle complete.
2025-04-16 04:07:49,575 - INFO - Refining system strategies...
2025-04-16 04:07:49,575 - INFO - Refinement complete.
2025-04-16 04:07:49,575 - INFO - Microkernel cycle complete.
2025-04-16 04:07:59,575 - INFO - Refining system strategies...
2025-04-16 04:07:59,576 - INFO - Refinement complete.
2025-04-16 04:07:59,576 - INFO - Microkernel cycle complete.
2025-04-16 04:08:09,576 - INFO - Refining system strategies...
2025-04-16 04:08:09,577 - INFO - Refinement complete.
2025-04-16 04:08:09,577 - INFO - Microkernel cycle complete.
2025-04-16 04:08:19,577 - INFO - Refining system strategies...
2025-04-16 04:08:19,577 - INFO - Refinement complete.
2025-04-16 04:08:19,577 - INFO - Microkernel cycle complete.
2025-04-16 04:08:29,578 - INFO - Refining system strategies...
2025-04-16 04:08:29,578 - INFO - Refinement complete.
2025-04-16 04:08:29,578 - INFO - Microkernel cycle complete.
2025-04-16 04:08:39,579 - INFO - Refining system strategies...
2025-04-16 04:08:39,579 - INFO - Refinement complete.
2025-04-16 04:08:39,579 - INFO - Microkernel cycle complete.
2025-04-16 04:08:49,579 - INFO - Refining system strategies...
2025-04-16 04:08:49,579 - INFO - Refinement complete.
2025-04-16 04:08:49,580 - INFO - Microkernel cycle complete.
2025-04-16 04:08:59,580 - INFO - Refining system strategies...
2025-04-16 04:08:59,580 - INFO - Refinement complete.
2025-04-16 04:08:59,580 - INFO - Microkernel cycle complete.
2025-04-16 04:09:09,581 - INFO - Refining system strategies...
2025-04-16 04:09:09,581 - INFO - Refinement complete.
2025-04-16 04:09:09,581 - INFO - Microkernel cycle complete.
2025-04-16 04:09:19,582 - INFO - Refining system strategies...
2025-04-16 04:09:19,582 - INFO - Refinement complete.
2025-04-16 04:09:19,582 - INFO - Microkernel cycle complete.
2025-04-16 04:09:29,582 - INFO - Refining system strategies...
2025-04-16 04:09:29,583 - INFO - Refinement complete.
2025-04-16 04:09:29,583 - INFO - Microkernel cycle complete.
2025-04-16 04:09:39,583 - INFO - Refining system strategies...
2025-04-16 04:09:39,583 - INFO - Refinement complete.
2025-04-16 04:09:39,583 - INFO - Microkernel cycle complete.
2025-04-16 04:09:49,584 - INFO - Refining system strategies...
2025-04-16 04:09:49,584 - INFO - Refinement complete.
2025-04-16 04:09:49,584 - INFO - Microkernel cycle complete.
2025-04-16 04:09:59,585 - INFO - Refining system strategies...
2025-04-16 04:09:59,585 - INFO - Refinement complete.
2025-04-16 04:09:59,585 - INFO - Microkernel cycle complete.
2025-04-16 04:10:09,585 - INFO - Refining system strategies...
2025-04-16 04:10:09,586 - INFO - Refinement complete.
2025-04-16 04:10:09,586 - INFO - Microkernel cycle complete.
2025-04-16 04:10:19,586 - INFO - Refining system strategies...
2025-04-16 04:10:19,586 - INFO - Refinement complete.
2025-04-16 04:10:19,586 - INFO - Microkernel cycle complete.
2025-04-16 04:10:29,587 - INFO - Refining system strategies...
2025-04-16 04:10:29,587 - INFO - Refinement complete.
2025-04-16 04:10:29,587 - INFO - Microkernel cycle complete.
2025-04-16 04:10:39,588 - INFO - Refining system strategies...
2025-04-16 04:10:39,588 - INFO - Refinement complete.
2025-04-16 04:10:39,588 - INFO - Microkernel cycle complete.
2025-04-16 04:10:49,588 - INFO - Refining system strategies...
2025-04-16 04:10:49,588 - INFO - Refinement complete.
2025-04-16 04:10:49,589 - INFO - Microkernel cycle complete.
2025-04-16 04:10:59,589 - INFO - Refining system strategies...
2025-04-16 04:10:59,589 - INFO - Refinement complete.
2025-04-16 04:10:59,589 - INFO - Microkernel cycle complete.
2025-04-16 04:11:09,590 - INFO - Refining system strategies...
2025-04-16 04:11:09,590 - INFO - Refinement complete.
2025-04-16 04:11:09,590 - INFO - Microkernel cycle complete.
2025-04-16 04:11:19,590 - INFO - Refining system strategies...
2025-04-16 04:11:19,591 - INFO - Refinement complete.
2025-04-16 04:11:19,591 - INFO - Microkernel cycle complete.
2025-04-16 04:11:29,591 - INFO - Refining system strategies...
2025-04-16 04:11:29,591 - INFO - Refinement complete.
2025-04-16 04:11:29,591 - INFO - Microkernel cycle complete.
2025-04-16 04:11:39,592 - INFO - Refining system strategies...
2025-04-16 04:11:39,592 - INFO - Refinement complete.
2025-04-16 04:11:39,592 - INFO - Microkernel cycle complete.
2025-04-16 04:11:49,593 - INFO - Refining system strategies...
2025-04-16 04:11:49,593 - INFO - Refinement complete.
2025-04-16 04:11:49,593 - INFO - Microkernel cycle complete.
2025-04-16 04:11:59,593 - INFO - Refining system strategies...
2025-04-16 04:11:59,594 - INFO - Refinement complete.
2025-04-16 04:11:59,594 - INFO - Microkernel cycle complete.
2025-04-16 04:12:09,594 - INFO - Refining system strategies...
2025-04-16 04:12:09,594 - INFO - Refinement complete.
2025-04-16 04:12:09,595 - INFO - Microkernel cycle complete.
2025-04-16 04:12:19,595 - INFO - Refining system strategies...
2025-04-16 04:12:19,595 - INFO - Refinement complete.
2025-04-16 04:12:19,595 - INFO - Microkernel cycle complete.
2025-04-16 04:12:29,596 - INFO - Refining system strategies...
2025-04-16 04:12:29,596 - INFO - Refinement complete.
2025-04-16 04:12:29,596 - INFO - Microkernel cycle complete.
2025-04-16 04:12:39,597 - INFO - Refining system strategies...
2025-04-16 04:12:39,597 - INFO - Refinement complete.
2025-04-16 04:12:39,597 - INFO - Microkernel cycle complete.
2025-04-16 04:12:49,597 - INFO - Refining system strategies...
2025-04-16 04:12:49,598 - INFO - Refinement complete.
2025-04-16 04:12:49,598 - INFO - Microkernel cycle complete.
2025-04-16 04:12:59,598 - INFO - Refining system strategies...
2025-04-16 04:12:59,598 - INFO - Refinement complete.
2025-04-16 04:12:59,598 - INFO - Microkernel cycle complete.
2025-04-16 04:13:09,599 - INFO - Refining system strategies...
2025-04-16 04:13:09,599 - INFO - Refinement complete.
2025-04-16 04:13:09,599 - INFO - Microkernel cycle complete.
2025-04-16 04:13:19,600 - INFO - Refining system strategies...
2025-04-16 04:13:19,600 - INFO - Refinement complete.
2025-04-16 04:13:19,600 - INFO - Microkernel cycle complete.
2025-04-16 04:13:29,601 - INFO - Refining system strategies...
2025-04-16 04:13:29,601 - INFO - Refinement complete.
2025-04-16 04:13:29,601 - INFO - Microkernel cycle complete.
2025-04-16 04:13:39,601 - INFO - Refining system strategies...
2025-04-16 04:13:39,601 - INFO - Refinement complete.
2025-04-16 04:13:39,602 - INFO - Microkernel cycle complete.
2025-04-16 04:13:49,602 - INFO - Refining system strategies...
2025-04-16 04:13:49,602 - INFO - Refinement complete.
2025-04-16 04:13:49,602 - INFO - Microkernel cycle complete.
2025-04-16 04:13:59,603 - INFO - Refining system strategies...
2025-04-16 04:13:59,603 - INFO - Refinement complete.
2025-04-16 04:13:59,603 - INFO - Microkernel cycle complete.
2025-04-16 04:14:09,604 - INFO - Refining system strategies...
2025-04-16 04:14:09,604 - INFO - Refinement complete.
2025-04-16 04:14:09,604 - INFO - Microkernel cycle complete.
2025-04-16 04:14:19,604 - INFO - Refining system strategies...
2025-04-16 04:14:19,605 - INFO - Refinement complete.
2025-04-16 04:14:19,605 - INFO - Microkernel cycle complete.
2025-04-16 04:14:29,605 - INFO - Refining system strategies...
2025-04-16 04:14:29,605 - INFO - Refinement complete.
2025-04-16 04:14:29,605 - INFO - Microkernel cycle complete.
2025-04-16 04:14:39,606 - INFO - Refining system strategies...
2025-04-16 04:14:39,606 - INFO - Refinement complete.
2025-04-16 04:14:39,606 - INFO - Microkernel cycle complete.
2025-04-16 04:14:49,607 - INFO - Refining system strategies...
2025-04-16 04:14:49,607 - INFO - Refinement complete.
2025-04-16 04:14:49,607 - INFO - Microkernel cycle complete.
2025-04-16 04:14:59,607 - INFO - Refining system strategies...
2025-04-16 04:14:59,607 - INFO - Refinement complete.
2025-04-16 04:14:59,607 - INFO - Microkernel cycle complete.
2025-04-16 04:15:09,608 - INFO - Refining system strategies...
2025-04-16 04:15:09,608 - INFO - Refinement complete.
2025-04-16 04:15:09,608 - INFO - Microkernel cycle complete.
2025-04-16 04:15:10,476 - INFO - Refining system strategies...
2025-04-16 04:15:10,476 - INFO - Refinement complete.
2025-04-16 04:15:10,476 - INFO - Microkernel cycle complete.
2025-04-16 04:15:19,609 - INFO - Refining system strategies...
2025-04-16 04:15:19,609 - INFO - Refinement complete.
2025-04-16 04:15:19,609 - INFO - Microkernel cycle complete.
2025-04-16 04:15:20,476 - INFO - Refining system strategies...
2025-04-16 04:15:20,477 - INFO - Refinement complete.
2025-04-16 04:15:20,477 - INFO - Microkernel cycle complete.
2025-04-16 04:15:29,610 - INFO - Refining system strategies...
2025-04-16 04:15:29,610 - INFO - Refinement complete.
2025-04-16 04:15:29,610 - INFO - Microkernel cycle complete.
2025-04-16 04:15:30,477 - INFO - Refining system strategies...
2025-04-16 04:15:30,477 - INFO - Refinement complete.
2025-04-16 04:15:30,477 - INFO - Microkernel cycle complete.
2025-04-16 04:15:39,611 - INFO - Refining system strategies...
2025-04-16 04:15:39,611 - INFO - Refinement complete.
2025-04-16 04:15:39,611 - INFO - Microkernel cycle complete.
2025-04-16 04:15:40,478 - INFO - Refining system strategies...
2025-04-16 04:15:40,478 - INFO - Refinement complete.
2025-04-16 04:15:40,478 - INFO - Microkernel cycle complete.
2025-04-16 04:15:49,611 - INFO - Refining system strategies...
2025-04-16 04:15:49,611 - INFO - Refinement complete.
2025-04-16 04:15:49,612 - INFO - Microkernel cycle complete.
2025-04-16 04:15:50,479 - INFO - Refining system strategies...
2025-04-16 04:15:50,479 - INFO - Refinement complete.
2025-04-16 04:15:50,479 - INFO - Microkernel cycle complete.
2025-04-16 04:15:59,612 - INFO - Refining system strategies...
2025-04-16 04:15:59,612 - INFO - Refinement complete.
2025-04-16 04:15:59,612 - INFO - Microkernel cycle complete.
2025-04-16 04:16:00,480 - INFO - Refining system strategies...
2025-04-16 04:16:00,480 - INFO - Refinement complete.
2025-04-16 04:16:00,480 - INFO - Microkernel cycle complete.
2025-04-16 04:16:09,613 - INFO - Refining system strategies...
2025-04-16 04:16:09,613 - INFO - Refinement complete.
2025-04-16 04:16:09,613 - INFO - Microkernel cycle complete.
2025-04-16 04:16:10,481 - INFO - Refining system strategies...
2025-04-16 04:16:10,481 - INFO - Refinement complete.
2025-04-16 04:16:10,481 - INFO - Microkernel cycle complete.
2025-04-16 04:16:19,614 - INFO - Refining system strategies...
2025-04-16 04:16:19,614 - INFO - Refinement complete.
2025-04-16 04:16:19,614 - INFO - Microkernel cycle complete.
2025-04-16 04:16:20,482 - INFO - Refining system strategies...
2025-04-16 04:16:20,482 - INFO - Refinement complete.
2025-04-16 04:16:20,482 - INFO - Microkernel cycle complete.
2025-04-16 04:16:29,615 - INFO - Refining system strategies...
2025-04-16 04:16:29,615 - INFO - Refinement complete.
2025-04-16 04:16:29,615 - INFO - Microkernel cycle complete.
2025-04-16 04:16:30,483 - INFO - Refining system strategies...
2025-04-16 04:16:30,483 - INFO - Refinement complete.
2025-04-16 04:16:30,483 - INFO - Microkernel cycle complete.
2025-04-16 04:16:40,484 - INFO - Refining system strategies...
2025-04-16 04:16:40,484 - INFO - Refinement complete.
2025-04-16 04:16:40,484 - INFO - Microkernel cycle complete.
2025-04-16 04:16:50,485 - INFO - Refining system strategies...
2025-04-16 04:16:50,485 - INFO - Refinement complete.
2025-04-16 04:16:50,485 - INFO - Microkernel cycle complete.
2025-04-16 04:17:00,486 - INFO - Refining system strategies...
2025-04-16 04:17:00,486 - INFO - Refinement complete.
2025-04-16 04:17:00,486 - INFO - Microkernel cycle complete.
2025-04-16 04:17:10,487 - INFO - Refining system strategies...
2025-04-16 04:17:10,487 - INFO - Refinement complete.
2025-04-16 04:17:10,487 - INFO - Microkernel cycle complete.
2025-04-16 04:17:20,488 - INFO - Refining system strategies...
2025-04-16 04:17:20,488 - INFO - Refinement complete.
2025-04-16 04:17:20,488 - INFO - Microkernel cycle complete.
2025-04-16 04:17:30,488 - INFO - Refining system strategies...
2025-04-16 04:17:30,489 - INFO - Refinement complete.
2025-04-16 04:17:30,489 - INFO - Microkernel cycle complete.
2025-04-16 04:17:40,489 - INFO - Refining system strategies...
2025-04-16 04:17:40,490 - INFO - Refinement complete.
2025-04-16 04:17:40,490 - INFO - Microkernel cycle complete.
2025-04-16 04:17:50,490 - INFO - Refining system strategies...
2025-04-16 04:17:50,490 - INFO - Refinement complete.
2025-04-16 04:17:50,490 - INFO - Microkernel cycle complete.
2025-04-16 04:18:00,491 - INFO - Refining system strategies...
2025-04-16 04:18:00,491 - INFO - Refinement complete.
2025-04-16 04:18:00,491 - INFO - Microkernel cycle complete.
2025-04-16 04:18:10,492 - INFO - Refining system strategies...
2025-04-16 04:18:10,492 - INFO - Refinement complete.
2025-04-16 04:18:10,492 - INFO - Microkernel cycle complete.
2025-04-16 04:18:20,493 - INFO - Refining system strategies...
2025-04-16 04:18:20,493 - INFO - Refinement complete.
2025-04-16 04:18:20,493 - INFO - Microkernel cycle complete.
2025-04-16 04:18:30,494 - INFO - Refining system strategies...
2025-04-16 04:18:30,494 - INFO - Refinement complete.
2025-04-16 04:18:30,494 - INFO - Microkernel cycle complete.
2025-04-16 04:18:40,495 - INFO - Refining system strategies...
2025-04-16 04:18:40,495 - INFO - Refinement complete.
2025-04-16 04:18:40,495 - INFO - Microkernel cycle complete.
2025-04-16 04:18:50,496 - INFO - Refining system strategies...
2025-04-16 04:18:50,496 - INFO - Refinement complete.
2025-04-16 04:18:50,496 - INFO - Microkernel cycle complete.
2025-04-16 04:19:00,497 - INFO - Refining system strategies...
2025-04-16 04:19:00,497 - INFO - Refinement complete.
2025-04-16 04:19:00,497 - INFO - Microkernel cycle complete.
2025-04-16 04:19:10,498 - INFO - Refining system strategies...
2025-04-16 04:19:10,498 - INFO - Refinement complete.
2025-04-16 04:19:10,498 - INFO - Microkernel cycle complete.
2025-04-16 04:19:20,499 - INFO - Refining system strategies...
2025-04-16 04:19:20,499 - INFO - Refinement complete.
2025-04-16 04:19:20,499 - INFO - Microkernel cycle complete.
2025-04-16 04:19:30,500 - INFO - Refining system strategies...
2025-04-16 04:19:30,500 - INFO - Refinement complete.
2025-04-16 04:19:30,500 - INFO - Microkernel cycle complete.
2025-04-16 04:19:40,501 - INFO - Refining system strategies...
2025-04-16 04:19:40,501 - INFO - Refinement complete.
2025-04-16 04:19:40,501 - INFO - Microkernel cycle complete.
2025-04-16 04:19:50,502 - INFO - Refining system strategies...
2025-04-16 04:19:50,502 - INFO - Refinement complete.
2025-04-16 04:19:50,502 - INFO - Microkernel cycle complete.
2025-04-16 04:20:00,503 - INFO - Refining system strategies...
2025-04-16 04:20:00,503 - INFO - Refinement complete.
2025-04-16 04:20:00,503 - INFO - Microkernel cycle complete.
2025-04-16 04:20:10,504 - INFO - Refining system strategies...
2025-04-16 04:20:10,504 - INFO - Refinement complete.
2025-04-16 04:20:10,504 - INFO - Microkernel cycle complete.
2025-04-16 04:20:20,504 - INFO - Refining system strategies...
2025-04-16 04:20:20,505 - INFO - Refinement complete.
2025-04-16 04:20:20,505 - INFO - Microkernel cycle complete.
2025-04-16 04:20:30,505 - INFO - Refining system strategies...
2025-04-16 04:20:30,506 - INFO - Refinement complete.
2025-04-16 04:20:30,506 - INFO - Microkernel cycle complete.
2025-04-16 04:20:40,506 - INFO - Refining system strategies...
2025-04-16 04:20:40,507 - INFO - Refinement complete.
2025-04-16 04:20:40,507 - INFO - Microkernel cycle complete.
2025-04-16 04:20:50,507 - INFO - Refining system strategies...
2025-04-16 04:20:50,508 - INFO - Refinement complete.
2025-04-16 04:20:50,508 - INFO - Microkernel cycle complete.
2025-04-16 04:21:00,508 - INFO - Refining system strategies...
2025-04-16 04:21:00,508 - INFO - Refinement complete.
2025-04-16 04:21:00,509 - INFO - Microkernel cycle complete.
2025-04-16 04:21:09,535 - INFO - Refining system strategies...
2025-04-16 04:21:09,535 - INFO - Refinement complete.
2025-04-16 04:21:09,535 - INFO - Microkernel cycle complete.
2025-04-16 04:21:19,536 - INFO - Refining system strategies...
2025-04-16 04:21:19,536 - INFO - Refinement complete.
2025-04-16 04:21:19,536 - INFO - Microkernel cycle complete.
2025-04-16 04:21:29,536 - INFO - Refining system strategies...
2025-04-16 04:21:29,536 - INFO - Refinement complete.
2025-04-16 04:21:29,537 - INFO - Microkernel cycle complete.
2025-04-16 04:21:39,537 - INFO - Refining system strategies...
2025-04-16 04:21:39,537 - INFO - Refinement complete.
2025-04-16 04:21:39,537 - INFO - Microkernel cycle complete.
2025-04-16 04:21:49,538 - INFO - Refining system strategies...
2025-04-16 04:21:49,538 - INFO - Refinement complete.
2025-04-16 04:21:49,538 - INFO - Microkernel cycle complete.
2025-04-16 04:21:59,538 - INFO - Refining system strategies...
2025-04-16 04:21:59,538 - INFO - Refinement complete.
2025-04-16 04:21:59,539 - INFO - Microkernel cycle complete.
2025-04-16 04:22:09,539 - INFO - Refining system strategies...
2025-04-16 04:22:09,539 - INFO - Refinement complete.
2025-04-16 04:22:09,540 - INFO - Microkernel cycle complete.
2025-04-16 04:22:19,540 - INFO - Refining system strategies...
2025-04-16 04:22:19,540 - INFO - Refinement complete.
2025-04-16 04:22:19,540 - INFO - Microkernel cycle complete.
2025-04-16 04:22:29,541 - INFO - Refining system strategies...
2025-04-16 04:22:29,541 - INFO - Refinement complete.
2025-04-16 04:22:29,541 - INFO - Microkernel cycle complete.
2025-04-16 04:22:39,542 - INFO - Refining system strategies...
2025-04-16 04:22:39,542 - INFO - Refinement complete.
2025-04-16 04:22:39,542 - INFO - Microkernel cycle complete.
2025-04-16 04:22:49,542 - INFO - Refining system strategies...
2025-04-16 04:22:49,542 - INFO - Refinement complete.
2025-04-16 04:22:49,542 - INFO - Microkernel cycle complete.
2025-04-16 04:22:59,543 - INFO - Refining system strategies...
2025-04-16 04:22:59,543 - INFO - Refinement complete.
2025-04-16 04:22:59,543 - INFO - Microkernel cycle complete.
2025-04-16 04:23:09,544 - INFO - Refining system strategies...
2025-04-16 04:23:09,544 - INFO - Refinement complete.
2025-04-16 04:23:09,544 - INFO - Microkernel cycle complete.
2025-04-16 04:23:19,545 - INFO - Refining system strategies...
2025-04-16 04:23:19,545 - INFO - Refinement complete.
2025-04-16 04:23:19,545 - INFO - Microkernel cycle complete.
2025-04-16 04:23:29,545 - INFO - Refining system strategies...
2025-04-16 04:23:29,546 - INFO - Refinement complete.
2025-04-16 04:23:29,546 - INFO - Microkernel cycle complete.
2025-04-16 04:23:39,546 - INFO - Refining system strategies...
2025-04-16 04:23:39,546 - INFO - Refinement complete.
2025-04-16 04:23:39,546 - INFO - Microkernel cycle complete.
2025-04-16 04:23:49,547 - INFO - Refining system strategies...
2025-04-16 04:23:49,547 - INFO - Refinement complete.
2025-04-16 04:23:49,547 - INFO - Microkernel cycle complete.
2025-04-16 04:23:59,548 - INFO - Refining system strategies...
2025-04-16 04:23:59,548 - INFO - Refinement complete.
2025-04-16 04:23:59,548 - INFO - Microkernel cycle complete.
2025-04-16 04:24:09,548 - INFO - Refining system strategies...
2025-04-16 04:24:09,549 - INFO - Refinement complete.
2025-04-16 04:24:09,549 - INFO - Microkernel cycle complete.
2025-04-16 04:24:19,549 - INFO - Refining system strategies...
2025-04-16 04:24:19,549 - INFO - Refinement complete.
2025-04-16 04:24:19,550 - INFO - Microkernel cycle complete.
2025-04-16 04:24:29,550 - INFO - Refining system strategies...
2025-04-16 04:24:29,550 - INFO - Refinement complete.
2025-04-16 04:24:29,550 - INFO - Microkernel cycle complete.
2025-04-16 04:24:39,551 - INFO - Refining system strategies...
2025-04-16 04:24:39,551 - INFO - Refinement complete.
2025-04-16 04:24:39,551 - INFO - Microkernel cycle complete.
